<?xml version="1.0" encoding="utf-8"?><testsuites name="pytest tests"><testsuite name="pytest" errors="0" failures="0" skipped="62" tests="194" time="49.491" timestamp="2026-08-12T17:54:43.894304+08:00" hostname="HTDK-LP-1460"><testcase classname="tests.test_approvals" name="test_approval_instance_list" time="0.491"><skipped type="pytest.skip" message="审批功能一期未实现">C:\Users\vinkin.yx.yu\Desktop\DMSdoc\automation_test\tests\test_approvals.py:24: 审批功能一期未实现</skipped></testcase><testcase classname="tests.test_approvals" name="test_approval_pending_mine" time="0.096"><skipped type="pytest.skip" message="审批功能一期未实现">C:\Users\vinkin.yx.yu\Desktop\DMSdoc\automation_test\tests\test_approvals.py:24: 审批功能一期未实现</skipped></testcase><testcase classname="tests.test_approvals" name="test_approval_initiated_by_me" time="0.105"><skipped type="pytest.skip" message="审批功能一期未实现">C:\Users\vinkin.yx.yu\Desktop\DMSdoc\automation_test\tests\test_approvals.py:24: 审批功能一期未实现</skipped></testcase><testcase classname="tests.test_approvals" name="test_approval_filter_by_business_type" time="0.074"><skipped type="pytest.skip" message="审批功能一期未实现">C:\Users\vinkin.yx.yu\Desktop\DMSdoc\automation_test\tests\test_approvals.py:24: 审批功能一期未实现</skipped></testcase><testcase classname="tests.test_approvals" name="test_approval_flow_list" time="0.059"><skipped type="pytest.skip" message="审批功能一期未实现">C:\Users\vinkin.yx.yu\Desktop\DMSdoc\automation_test\tests\test_approvals.py:24: 审批功能一期未实现</skipped></testcase><testcase classname="tests.test_approvals" name="test_approval_flow_create" time="0.083"><skipped type="pytest.skip" message="审批功能一期未实现">C:\Users\vinkin.yx.yu\Desktop\DMSdoc\automation_test\tests\test_approvals.py:95: 审批功能一期未实现</skipped></testcase><testcase classname="tests.test_approvals" name="test_approval_delegate_list" time="0.065"><skipped type="pytest.skip" message="审批功能一期未实现">C:\Users\vinkin.yx.yu\Desktop\DMSdoc\automation_test\tests\test_approvals.py:24: 审批功能一期未实现</skipped></testcase><testcase classname="tests.test_approvals" name="test_approval_delegate_create" time="0.093"><skipped type="pytest.skip" message="审批功能一期未实现">C:\Users\vinkin.yx.yu\Desktop\DMSdoc\automation_test\tests\test_approvals.py:128: 审批功能一期未实现</skipped></testcase><testcase classname="tests.test_approvals" name="test_approval_monitor_list" time="0.114"><skipped type="pytest.skip" message="审批功能一期未实现">C:\Users\vinkin.yx.yu\Desktop\DMSdoc\automation_test\tests\test_approvals.py:24: 审批功能一期未实现</skipped></testcase><testcase classname="tests.test_approvals" name="test_approval_instance_detail" time="0.073"><skipped type="pytest.skip" message="审批实例列表接口一期未实现">C:\Users\vinkin.yx.yu\Desktop\DMSdoc\automation_test\tests\test_approvals.py:24: 审批实例列表接口一期未实现</skipped></testcase><testcase classname="tests.test_approvals" name="test_approval_approve_action" time="0.072"><skipped type="pytest.skip" message="审批功能一期未实现">C:\Users\vinkin.yx.yu\Desktop\DMSdoc\automation_test\tests\test_approvals.py:173: 审批功能一期未实现</skipped></testcase><testcase classname="tests.test_approvals" name="test_approval_reject_action" time="0.067"><skipped type="pytest.skip" message="审批功能一期未实现">C:\Users\vinkin.yx.yu\Desktop\DMSdoc\automation_test\tests\test_approvals.py:193: 审批功能一期未实现</skipped></testcase><testcase classname="tests.test_categories" name="test_category_tree_query" time="0.066" /><testcase classname="tests.test_categories" name="test_category_create" time="0.204" /><testcase classname="tests.test_categories" name="test_category_update" time="0.354" /><testcase classname="tests.test_categories" name="test_category_delete" time="0.339" /><testcase classname="tests.test_categories" name="test_product_line_list_query" time="0.113" /><testcase classname="tests.test_categories" name="test_product_line_create" time="0.077"><skipped type="pytest.skip" message="创建产品线失败: 400 level must not be empty">C:\Users\vinkin.yx.yu\Desktop\DMSdoc\automation_test\tests\test_categories.py:116: 创建产品线失败: 400 level must not be empty</skipped></testcase><testcase classname="tests.test_categories" name="test_package_level_list_query" time="5.895" /><testcase classname="tests.test_categories" name="test_supplier_list_query" time="0.127" /><testcase classname="tests.test_categories" name="test_warehouse_list_query" time="0.139" /><testcase classname="tests.test_categories" name="test_hospital_list_query" time="0.152" /><testcase classname="tests.test_categories" name="test_region_list_query" time="0.085" /><testcase classname="tests.test_categories" name="test_product_price_query" time="0.852" /><testcase classname="tests.test_categories" name="test_dict_item_query" time="0.077"><skipped type="pytest.skip" message="字典项接口一期未实现: 404">C:\Users\vinkin.yx.yu\Desktop\DMSdoc\automation_test\tests\test_categories.py:176: 字典项接口一期未实现: 404</skipped></testcase><testcase classname="tests.test_categories" name="test_supplier_create" time="0.206" /><testcase classname="tests.test_categories" name="test_warehouse_create" time="0.323" /><testcase classname="tests.test_contracts" name="test_contract_list_query" time="0.103" /><testcase classname="tests.test_contracts" name="test_contract_filter_by_status" time="0.100" /><testcase classname="tests.test_contracts" name="test_contract_search_by_keyword" time="0.098" /><testcase classname="tests.test_contracts" name="test_contract_template_list" time="0.110" /><testcase classname="tests.test_contracts" name="test_create_contract_template" time="0.121"><skipped type="pytest.skip" message="创建合同模板失败: 400 绑定分类不能为空">C:\Users\vinkin.yx.yu\Desktop\DMSdoc\automation_test\tests\test_contracts.py:77: 创建合同模板失败: 400 绑定分类不能为空</skipped></testcase><testcase classname="tests.test_contracts" name="test_create_contract" time="0.311" /><testcase classname="tests.test_contracts" name="test_get_contract_detail" time="0.218" /><testcase classname="tests.test_contracts" name="test_update_contract" time="0.082" /><testcase classname="tests.test_contracts" name="test_contract_submit_approval" time="0.327" /><testcase classname="tests.test_contracts" name="test_contract_export" time="0.383" /><testcase classname="tests.test_contracts" name="test_contract_match_template" time="0.097" /><testcase classname="tests.test_contracts" name="test_delete_contract_draft" time="0.189" /><testcase classname="tests.test_contracts" name="test_authorization_list" time="0.092" /><testcase classname="tests.test_contracts" name="test_create_authorization" time="0.182"><skipped type="pytest.skip" message="创建授权失败: 400 授权医院/终端必填">C:\Users\vinkin.yx.yu\Desktop\DMSdoc\automation_test\tests\test_contracts.py:227: 创建授权失败: 400 授权医院/终端必填</skipped></testcase><testcase classname="tests.test_integration" name="test_product_to_sales_order" time="0.154"><skipped type="pytest.skip" message="创建产品失败，跳过该集成测试: status=400, msg=productType 非法，请使用字典 product_type 中的启用值">C:\Users\vinkin.yx.yu\Desktop\DMSdoc\automation_test\tests\test_integration.py:90: 创建产品失败，跳过该集成测试: status=400, msg=productType 非法，请使用字典 product_type 中的启用值</skipped></testcase><testcase classname="tests.test_integration" name="test_purchase_receipt_to_sales_issue" time="1.073"><skipped type="pytest.skip" message="创建出库单失败，跳过后续: status=400, msg=销售出库明细为空">C:\Users\vinkin.yx.yu\Desktop\DMSdoc\automation_test\tests\test_integration.py:237: 创建出库单失败，跳过后续: status=400, msg=销售出库明细为空</skipped></testcase><testcase classname="tests.test_integration" name="test_contract_template_to_approval" time="0.101"><skipped type="pytest.skip" message="创建合同模板失败，跳过该集成测试: status=400, msg=绑定分类不能为空">C:\Users\vinkin.yx.yu\Desktop\DMSdoc\automation_test\tests\test_integration.py:274: 创建合同模板失败，跳过该集成测试: status=400, msg=绑定分类不能为空</skipped></testcase><testcase classname="tests.test_integration" name="test_surgery_report_to_sales_order" time="0.212"><skipped type="pytest.skip" message="创建手术报台失败，跳过该集成测试: status=400, msg=终端医院必填">C:\Users\vinkin.yx.yu\Desktop\DMSdoc\automation_test\tests\test_integration.py:362: 创建手术报台失败，跳过该集成测试: status=400, msg=终端医院必填</skipped></testcase><testcase classname="tests.test_integration" name="test_promotion_to_sales_order" time="0.111"><skipped type="pytest.skip" message="创建促销活动失败，跳过该集成测试: status=400, msg=非法的 promoType">C:\Users\vinkin.yx.yu\Desktop\DMSdoc\automation_test\tests\test_integration.py:435: 创建促销活动失败，跳过该集成测试: status=400, msg=非法的 promoType</skipped></testcase><testcase classname="tests.test_inventory.TestInventoryQuery" name="test_inventory_list_smoke" time="0.146" /><testcase classname="tests.test_inventory.TestInventoryQuery" name="test_inventory_filter_by_warehouse_api" time="0.089" /><testcase classname="tests.test_inventory.TestInventoryQuery" name="test_inventory_filter_by_product_api" time="0.086" /><testcase classname="tests.test_inventory.TestInventoryQuery" name="test_inventory_low_stock_api" time="0.094" /><testcase classname="tests.test_inventory.TestGoodsIssues" name="test_goods_issues_list_api" time="0.088" /><testcase classname="tests.test_inventory.TestGoodsIssues" name="test_create_goods_issue_crud" time="0.061"><skipped type="pytest.skip" message="创建出库单失败: 400 销售出库明细为空">C:\Users\vinkin.yx.yu\Desktop\DMSdoc\automation_test\tests\test_inventory.py:78: 创建出库单失败: 400 销售出库明细为空</skipped></testcase><testcase classname="tests.test_inventory.TestGoodsReceipts" name="test_goods_receipts_list_api" time="0.106" /><testcase classname="tests.test_inventory.TestGoodsReceipts" name="test_create_goods_receipt_crud" time="0.164" /><testcase classname="tests.test_inventory.TestStockMoves" name="test_stock_moves_list_api" time="0.182" /><testcase classname="tests.test_inventory.TestStockAdjustments" name="test_create_stock_adjustment_crud" time="0.726"><skipped type="pytest.skip" message="创建库存调整失败: 400 调整明细不能为空">C:\Users\vinkin.yx.yu\Desktop\DMSdoc\automation_test\tests\test_inventory.py:182: 创建库存调整失败: 400 调整明细不能为空</skipped></testcase><testcase classname="tests.test_login.TestLoginAuth" name="test_biz_admin_login_smoke" time="0.407" /><testcase classname="tests.test_login.TestLoginAuth" name="test_platform_admin_login_smoke" time="0.230" /><testcase classname="tests.test_login.TestLoginAuth" name="test_login_wrong_password_negative" time="0.210" /><testcase classname="tests.test_login.TestLoginAuth" name="test_login_nonexistent_user_negative" time="0.059" /><testcase classname="tests.test_login.TestLoginAuth" name="test_login_empty_username_negative" time="0.048" /><testcase classname="tests.test_login.TestLoginAuth" name="test_login_empty_password_negative" time="0.067" /><testcase classname="tests.test_login.TestLoginAuth" name="test_login_multi_tenant_api" time="0.221" /><testcase classname="tests.test_login.TestLoginAuth" name="test_repeat_login_api" time="0.644" /><testcase classname="tests.test_login.TestLoginAuth" name="test_multi_role_login_api" time="1.259" /><testcase classname="tests.test_login.TestWorkbenchUi" name="test_biz_get_user_info_api" time="0.152" /><testcase classname="tests.test_login.TestWorkbenchUi" name="test_platform_get_user_info_api" time="0.201" /><testcase classname="tests.test_login.TestWorkbenchUi" name="test_ui_layout_api" time="0.084" /><testcase classname="tests.test_login.TestWorkbenchUi" name="test_current_user_permissions_api" time="0.089" /><testcase classname="tests.test_login.TestTokenIsolation" name="test_no_token_access_protected_security" time="0.042" /><testcase classname="tests.test_login.TestTokenIsolation" name="test_biz_token_access_platform_security" time="0.022" /><testcase classname="tests.test_login.TestTokenIsolation" name="test_platform_token_access_biz_security" time="0.059" /><testcase classname="tests.test_login.TestTokenIsolation" name="test_platform_token_call_biz_me_security" time="0.052" /><testcase classname="tests.test_login.TestTokenIsolation" name="test_biz_token_call_platform_me_security" time="0.029" /><testcase classname="tests.test_permissions" name="test_account_list" time="0.389" /><testcase classname="tests.test_permissions" name="test_account_create" time="0.099" /><testcase classname="tests.test_permissions" name="test_account_create_duplicate_username" time="0.108"><skipped type="pytest.skip" message="前置账号创建失败，跳过重复用户名测试">C:\Users\vinkin.yx.yu\Desktop\DMSdoc\automation_test\tests\test_permissions.py:77: 前置账号创建失败，跳过重复用户名测试</skipped></testcase><testcase classname="tests.test_permissions" name="test_account_create_empty_username" time="0.096" /><testcase classname="tests.test_permissions" name="test_account_query_detail" time="0.105"><skipped type="pytest.skip" message="前置账号创建失败，跳过详情查询测试">C:\Users\vinkin.yx.yu\Desktop\DMSdoc\automation_test\tests\test_permissions.py:119: 前置账号创建失败，跳过详情查询测试</skipped></testcase><testcase classname="tests.test_permissions" name="test_account_update" time="0.098"><skipped type="pytest.skip" message="前置账号创建失败，跳过更新测试">C:\Users\vinkin.yx.yu\Desktop\DMSdoc\automation_test\tests\test_permissions.py:149: 前置账号创建失败，跳过更新测试</skipped></testcase><testcase classname="tests.test_permissions" name="test_account_delete" time="0.090"><skipped type="pytest.skip" message="前置账号创建失败，跳过删除测试">C:\Users\vinkin.yx.yu\Desktop\DMSdoc\automation_test\tests\test_permissions.py:179: 前置账号创建失败，跳过删除测试</skipped></testcase><testcase classname="tests.test_permissions" name="test_role_list" time="0.098" /><testcase classname="tests.test_permissions" name="test_role_create" time="0.126" /><testcase classname="tests.test_permissions" name="test_role_permission_config" time="0.197" /><testcase classname="tests.test_permissions" name="test_sales_position_list" time="0.083" /><testcase classname="tests.test_permissions" name="test_sales_position_create" time="0.150" /><testcase classname="tests.test_permissions" name="test_current_user_permissions" time="0.088" /><testcase classname="tests.test_permissions" name="test_ui_layout" time="0.104" /><testcase classname="tests.test_permissions" name="test_sales_role_account_access_denied" time="0.426" /><testcase classname="tests.test_platform.TestPlatform" name="test_tenant_list_smoke" time="0.042"><skipped type="pytest.skip" message="该平台接口一期未实现: 租户列表">C:\Users\vinkin.yx.yu\Desktop\DMSdoc\automation_test\tests\test_platform.py:29: 该平台接口一期未实现: 租户列表</skipped></testcase><testcase classname="tests.test_platform.TestPlatform" name="test_tenant_filter_by_status_api" time="0.048"><skipped type="pytest.skip" message="该平台接口一期未实现: 租户列表">C:\Users\vinkin.yx.yu\Desktop\DMSdoc\automation_test\tests\test_platform.py:38: 该平台接口一期未实现: 租户列表</skipped></testcase><testcase classname="tests.test_platform.TestPlatform" name="test_tenant_search_by_keyword_api" time="0.042"><skipped type="pytest.skip" message="该平台接口一期未实现: 租户列表">C:\Users\vinkin.yx.yu\Desktop\DMSdoc\automation_test\tests\test_platform.py:46: 该平台接口一期未实现: 租户列表</skipped></testcase><testcase classname="tests.test_platform.TestPlatform" name="test_tenant_create_crud" time="0.057"><skipped type="pytest.skip" message="该平台接口一期未实现: 租户管理">C:\Users\vinkin.yx.yu\Desktop\DMSdoc\automation_test\tests\test_platform.py:18: 该平台接口一期未实现: 租户管理</skipped></testcase><testcase classname="tests.test_platform.TestPlatform" name="test_tenant_detail_crud" time="0.042"><skipped type="pytest.skip" message="该平台接口一期未实现: 租户管理">C:\Users\vinkin.yx.yu\Desktop\DMSdoc\automation_test\tests\test_platform.py:18: 该平台接口一期未实现: 租户管理</skipped></testcase><testcase classname="tests.test_platform.TestPlatform" name="test_tenant_update_crud" time="0.039"><skipped type="pytest.skip" message="该平台接口一期未实现: 租户管理">C:\Users\vinkin.yx.yu\Desktop\DMSdoc\automation_test\tests\test_platform.py:18: 该平台接口一期未实现: 租户管理</skipped></testcase><testcase classname="tests.test_platform.TestPlatform" name="test_tenant_deactivate_api" time="2.250"><skipped type="pytest.skip" message="该平台接口一期未实现: 租户管理">C:\Users\vinkin.yx.yu\Desktop\DMSdoc\automation_test\tests\test_platform.py:18: 该平台接口一期未实现: 租户管理</skipped></testcase><testcase classname="tests.test_platform.TestPlatform" name="test_tenant_delete_crud" time="0.499"><skipped type="pytest.skip" message="该平台接口一期未实现: 租户管理">C:\Users\vinkin.yx.yu\Desktop\DMSdoc\automation_test\tests\test_platform.py:18: 该平台接口一期未实现: 租户管理</skipped></testcase><testcase classname="tests.test_platform.TestPlatform" name="test_admin_user_list_smoke" time="0.041"><skipped type="pytest.skip" message="该平台接口一期未实现: 平台用户列表">C:\Users\vinkin.yx.yu\Desktop\DMSdoc\automation_test\tests\test_platform.py:214: 该平台接口一期未实现: 平台用户列表</skipped></testcase><testcase classname="tests.test_platform.TestPlatform" name="test_dict_type_list_api" time="0.036"><skipped type="pytest.skip" message="该平台接口一期未实现: 字典类型列表">C:\Users\vinkin.yx.yu\Desktop\DMSdoc\automation_test\tests\test_platform.py:222: 该平台接口一期未实现: 字典类型列表</skipped></testcase><testcase classname="tests.test_platform.TestPlatform" name="test_dict_type_create_crud" time="0.041"><skipped type="pytest.skip" message="该平台接口一期未实现: 字典类型管理">C:\Users\vinkin.yx.yu\Desktop\DMSdoc\automation_test\tests\test_platform.py:18: 该平台接口一期未实现: 字典类型管理</skipped></testcase><testcase classname="tests.test_platform.TestPlatform" name="test_dict_item_list_api" time="0.041"><skipped type="pytest.skip" message="该平台接口一期未实现: 字典项列表">C:\Users\vinkin.yx.yu\Desktop\DMSdoc\automation_test\tests\test_platform.py:255: 该平台接口一期未实现: 字典项列表</skipped></testcase><testcase classname="tests.test_platform.TestPlatform" name="test_menu_list_api" time="0.039" /><testcase classname="tests.test_platform.TestPlatform" name="test_audit_log_list_smoke" time="0.051"><skipped type="pytest.skip" message="该平台接口一期未实现: 审计日志">C:\Users\vinkin.yx.yu\Desktop\DMSdoc\automation_test\tests\test_platform.py:271: 该平台接口一期未实现: 审计日志</skipped></testcase><testcase classname="tests.test_platform.TestPlatform" name="test_login_log_list_api" time="0.043"><skipped type="pytest.skip" message="该平台接口一期未实现: 登录日志">C:\Users\vinkin.yx.yu\Desktop\DMSdoc\automation_test\tests\test_platform.py:279: 该平台接口一期未实现: 登录日志</skipped></testcase><testcase classname="tests.test_platform.TestPlatform" name="test_api_log_list_api" time="0.086" /><testcase classname="tests.test_platform.TestPlatform" name="test_tenant_binding_list_api" time="0.036"><skipped type="pytest.skip" message="该平台接口一期未实现: 租户经销商绑定列表">C:\Users\vinkin.yx.yu\Desktop\DMSdoc\automation_test\tests\test_platform.py:294: 该平台接口一期未实现: 租户经销商绑定列表</skipped></testcase><testcase classname="tests.test_platform.TestPlatform" name="test_biz_token_access_platform_security" time="0.029" /><testcase classname="tests.test_products" name="test_product_list_query" time="0.100" /><testcase classname="tests.test_products" name="test_product_pagination" time="0.088" /><testcase classname="tests.test_products" name="test_product_search_by_keyword" time="0.078" /><testcase classname="tests.test_products" name="test_product_filter_by_status" time="0.086" /><testcase classname="tests.test_products" name="test_product_filter_by_category" time="0.133" /><testcase classname="tests.test_products" name="test_product_detail_query" time="0.084" /><testcase classname="tests.test_products" name="test_product_create" time="0.305" /><testcase classname="tests.test_products" name="test_product_create_missing_required" time="0.064" /><testcase classname="tests.test_products" name="test_product_create_duplicate_code" time="0.138" /><testcase classname="tests.test_products" name="test_product_update" time="0.291" /><testcase classname="tests.test_products" name="test_product_switch_status" time="0.361" /><testcase classname="tests.test_products" name="test_product_delete" time="0.276" /><testcase classname="tests.test_products" name="test_product_export" time="0.440" /><testcase classname="tests.test_products" name="test_product_list_sort" time="0.106" /><testcase classname="tests.test_promotions.TestPromotionQuery" name="test_promotion_list_smoke" time="0.136" /><testcase classname="tests.test_promotions.TestPromotionQuery" name="test_promotion_filter_by_status_api" time="0.143" /><testcase classname="tests.test_promotions.TestPromotionQuery" name="test_promotion_filter_by_date_api" time="0.161" /><testcase classname="tests.test_promotions.TestPromotionCrud" name="test_create_promotion_crud" time="0.126"><skipped type="pytest.skip" message="创建促销活动失败: 400 非法的 promoType">C:\Users\vinkin.yx.yu\Desktop\DMSdoc\automation_test\tests\test_promotions.py:98: 创建促销活动失败: 400 非法的 promoType</skipped></testcase><testcase classname="tests.test_promotions.TestPromotionCrud" name="test_create_promotion_no_name_negative" time="0.150" /><testcase classname="tests.test_promotions.TestPromotionCrud" name="test_query_promotion_detail_crud" time="0.142"><skipped type="pytest.skip" message="创建促销活动（前置）失败: 400 非法的 promoType">C:\Users\vinkin.yx.yu\Desktop\DMSdoc\automation_test\tests\test_promotions.py:47: 创建促销活动（前置）失败: 400 非法的 promoType</skipped></testcase><testcase classname="tests.test_promotions.TestPromotionCrud" name="test_update_promotion_crud" time="0.156"><skipped type="pytest.skip" message="创建促销活动（前置）失败: 400 非法的 promoType">C:\Users\vinkin.yx.yu\Desktop\DMSdoc\automation_test\tests\test_promotions.py:47: 创建促销活动（前置）失败: 400 非法的 promoType</skipped></testcase><testcase classname="tests.test_promotions.TestPromotionCrud" name="test_activate_promotion_api" time="0.129"><skipped type="pytest.skip" message="创建促销活动（前置）失败: 400 非法的 promoType">C:\Users\vinkin.yx.yu\Desktop\DMSdoc\automation_test\tests\test_promotions.py:47: 创建促销活动（前置）失败: 400 非法的 promoType</skipped></testcase><testcase classname="tests.test_promotions.TestPromotionCrud" name="test_deactivate_promotion_api" time="0.088"><skipped type="pytest.skip" message="创建促销活动（前置）失败: 400 非法的 promoType">C:\Users\vinkin.yx.yu\Desktop\DMSdoc\automation_test\tests\test_promotions.py:47: 创建促销活动（前置）失败: 400 非法的 promoType</skipped></testcase><testcase classname="tests.test_promotions.TestPromotionCrud" name="test_delete_promotion_crud" time="0.157"><skipped type="pytest.skip" message="创建促销活动（前置）失败: 400 非法的 promoType">C:\Users\vinkin.yx.yu\Desktop\DMSdoc\automation_test\tests\test_promotions.py:47: 创建促销活动（前置）失败: 400 非法的 promoType</skipped></testcase><testcase classname="tests.test_purchase_orders" name="test_purchase_order_list" time="0.165" /><testcase classname="tests.test_purchase_orders" name="test_purchase_order_filter_by_status" time="0.111" /><testcase classname="tests.test_purchase_orders" name="test_create_purchase_order" time="0.187" /><testcase classname="tests.test_purchase_orders" name="test_create_purchase_order_no_supplier" time="0.217"><skipped type="pytest.skip" message="后端一期未校验supplierId非空，已清理创建的订单">C:\Users\vinkin.yx.yu\Desktop\DMSdoc\automation_test\tests\test_purchase_orders.py:91: 后端一期未校验supplierId非空，已清理创建的订单</skipped></testcase><testcase classname="tests.test_purchase_orders" name="test_create_purchase_order_no_items" time="0.228"><skipped type="pytest.skip" message="后端一期未校验items非空，已清理创建的订单">C:\Users\vinkin.yx.yu\Desktop\DMSdoc\automation_test\tests\test_purchase_orders.py:113: 后端一期未校验items非空，已清理创建的订单</skipped></testcase><testcase classname="tests.test_purchase_orders" name="test_get_purchase_order_detail" time="0.239" /><testcase classname="tests.test_purchase_orders" name="test_update_purchase_order" time="0.120" /><testcase classname="tests.test_purchase_orders" name="test_purchase_order_submit" time="1.683" /><testcase classname="tests.test_purchase_orders" name="test_delete_purchase_order_draft" time="0.281" /><testcase classname="tests.test_purchase_orders" name="test_purchase_return_list" time="0.079" /><testcase classname="tests.test_purchase_orders" name="test_create_purchase_return" time="0.274" /><testcase classname="tests.test_reports" name="test_order_trace_report" time="0.102" /><testcase classname="tests.test_reports" name="test_sales_rank_report" time="0.095" /><testcase classname="tests.test_reports" name="test_top_products_report" time="0.064"><skipped type="pytest.skip" message="该报表接口一期未实现">C:\Users\vinkin.yx.yu\Desktop\DMSdoc\automation_test\tests\test_reports.py:59: 该报表接口一期未实现</skipped></testcase><testcase classname="tests.test_reports" name="test_inventory_turnover_report" time="0.091" /><testcase classname="tests.test_reports" name="test_surgery_stat_report" time="0.064"><skipped type="pytest.skip" message="该报表接口一期未实现">C:\Users\vinkin.yx.yu\Desktop\DMSdoc\automation_test\tests\test_reports.py:81: 该报表接口一期未实现</skipped></testcase><testcase classname="tests.test_reports" name="test_accounts_receivable_report" time="0.066"><skipped type="pytest.skip" message="该报表接口一期未实现">C:\Users\vinkin.yx.yu\Desktop\DMSdoc\automation_test\tests\test_reports.py:92: 该报表接口一期未实现</skipped></testcase><testcase classname="tests.test_reports" name="test_sales_rank_by_month" time="0.086" /><testcase classname="tests.test_reports" name="test_sales_rank_by_quarter" time="0.080" /><testcase classname="tests.test_reports" name="test_order_trace_filter_by_dealer" time="0.070" /><testcase classname="tests.test_reports" name="test_sales_rank_export" time="0.069"><skipped type="pytest.skip" message="报表导出接口一期未实现">C:\Users\vinkin.yx.yu\Desktop\DMSdoc\automation_test\tests\test_reports.py:140: 报表导出接口一期未实现</skipped></testcase><testcase classname="tests.test_reports" name="test_report_invalid_date_range" time="0.109" /><testcase classname="tests.test_reports" name="test_sales_role_view_report" time="0.086" /><testcase classname="tests.test_sales_orders" name="test_sales_order_list" time="0.096" /><testcase classname="tests.test_sales_orders" name="test_sales_order_filter_by_status" time="0.104" /><testcase classname="tests.test_sales_orders" name="test_sales_order_filter_by_dealer" time="0.115" /><testcase classname="tests.test_sales_orders" name="test_sales_order_search_by_keyword" time="0.116" /><testcase classname="tests.test_sales_orders" name="test_create_sales_order" time="0.219" /><testcase classname="tests.test_sales_orders" name="test_create_sales_order_no_items" time="0.166"><skipped type="pytest.skip" message="后端一期未校验items非空，已清理创建的订单">C:\Users\vinkin.yx.yu\Desktop\DMSdoc\automation_test\tests\test_sales_orders.py:104: 后端一期未校验items非空，已清理创建的订单</skipped></testcase><testcase classname="tests.test_sales_orders" name="test_create_sales_order_no_dealer" time="0.081" /><testcase classname="tests.test_sales_orders" name="test_get_sales_order_detail" time="0.190" /><testcase classname="tests.test_sales_orders" name="test_update_sales_order" time="0.116"><skipped type="pytest.skip" message="已知后端bug：PUT /api/sales-orders/{id} 返回500，待后端修复">C:\Users\vinkin.yx.yu\Desktop\DMSdoc\automation_test\tests\test_sales_orders.py:144: 已知后端bug：PUT /api/sales-orders/{id} 返回500，待后端修复</skipped></testcase><testcase classname="tests.test_sales_orders" name="test_sales_order_submit" time="8.489" /><testcase classname="tests.test_sales_orders" name="test_delete_sales_order_draft" time="0.339" /><testcase classname="tests.test_sales_orders" name="test_sales_return_list" time="0.115" /><testcase classname="tests.test_sales_orders" name="test_create_sales_return" time="0.603" /><testcase classname="tests.test_security.TestSecurity" name="test_no_token_access_business_api" time="0.031" /><testcase classname="tests.test_security.TestSecurity" name="test_no_token_access_platform_api" time="0.031" /><testcase classname="tests.test_security.TestSecurity" name="test_business_token_access_platform_api" time="0.027" /><testcase classname="tests.test_security.TestSecurity" name="test_platform_token_access_business_api" time="0.041" /><testcase classname="tests.test_security.TestSecurity" name="test_invalid_token_access" time="0.029" /><testcase classname="tests.test_security.TestSecurity" name="test_tampered_token_access" time="0.032" /><testcase classname="tests.test_security.TestSecurity" name="test_sql_injection_login" time="0.056" /><testcase classname="tests.test_security.TestSecurity" name="test_sql_injection_query_param" time="0.171" /><testcase classname="tests.test_security.TestSecurity" name="test_xss_product_create" time="0.071" /><testcase classname="tests.test_security.TestSecurity" name="test_xss_query_param" time="0.084" /><testcase classname="tests.test_security.TestSecurity" name="test_permission_sales_access_accounts" time="0.305" /><testcase classname="tests.test_security.TestSecurity" name="test_permission_sales_access_report_ar" time="0.062" /><testcase classname="tests.test_security.TestSecurity" name="test_cross_tenant_dealer_a1_cannot_see_a2" time="0.408" /><testcase classname="tests.test_security.TestSecurity" name="test_cross_tenant_mfr_a_products_access" time="0.328" /><testcase classname="tests.test_security.TestSecurity" name="test_privilege_escalation_dealer_cannot_see_mfr_product" time="0.401"><skipped type="pytest.skip" message="无法创建产品，跳过越权测试">C:\Users\vinkin.yx.yu\Desktop\DMSdoc\automation_test\tests\test_security.py:191: 无法创建产品，跳过越权测试</skipped></testcase><testcase classname="tests.test_security.TestSecurity" name="test_platform_token_call_business_me" time="0.117" /><testcase classname="tests.test_security.TestSecurity" name="test_business_token_call_platform_me" time="0.114" /><testcase classname="tests.test_surgery.TestSurgeryQuery" name="test_surgery_list_smoke" time="0.142" /><testcase classname="tests.test_surgery.TestSurgeryQuery" name="test_surgery_filter_by_hospital_api" time="0.136" /><testcase classname="tests.test_surgery.TestSurgeryQuery" name="test_surgery_filter_by_date_range_api" time="0.113" /><testcase classname="tests.test_surgery.TestSurgeryQuery" name="test_surgery_filter_by_status_api" time="0.190" /><testcase classname="tests.test_surgery.TestSurgeryCrud" name="test_create_surgery_crud" time="0.151"><skipped type="pytest.skip" message="创建手术报台失败: 400 终端医院必填">C:\Users\vinkin.yx.yu\Desktop\DMSdoc\automation_test\tests\test_surgery.py:115: 创建手术报台失败: 400 终端医院必填</skipped></testcase><testcase classname="tests.test_surgery.TestSurgeryCrud" name="test_create_surgery_no_hospital_negative" time="0.108" /><testcase classname="tests.test_surgery.TestSurgeryCrud" name="test_query_surgery_detail_crud" time="0.137"><skipped type="pytest.skip" message="创建手术报台（前置）失败: 400 终端医院必填">C:\Users\vinkin.yx.yu\Desktop\DMSdoc\automation_test\tests\test_surgery.py:48: 创建手术报台（前置）失败: 400 终端医院必填</skipped></testcase><testcase classname="tests.test_surgery.TestSurgeryCrud" name="test_update_surgery_crud" time="0.114"><skipped type="pytest.skip" message="创建手术报台（前置）失败: 400 终端医院必填">C:\Users\vinkin.yx.yu\Desktop\DMSdoc\automation_test\tests\test_surgery.py:48: 创建手术报台（前置）失败: 400 终端医院必填</skipped></testcase><testcase classname="tests.test_surgery.TestSurgeryCrud" name="test_submit_surgery_api" time="0.122"><skipped type="pytest.skip" message="创建手术报台（前置）失败: 400 终端医院必填">C:\Users\vinkin.yx.yu\Desktop\DMSdoc\automation_test\tests\test_surgery.py:48: 创建手术报台（前置）失败: 400 终端医院必填</skipped></testcase><testcase classname="tests.test_surgery.TestSurgeryCrud" name="test_delete_surgery_draft_crud" time="0.075"><skipped type="pytest.skip" message="创建手术报台（前置）失败: 400 终端医院必填">C:\Users\vinkin.yx.yu\Desktop\DMSdoc\automation_test\tests\test_surgery.py:48: 创建手术报台（前置）失败: 400 终端医院必填</skipped></testcase></testsuite></testsuites>