<?xml version="1.0" encoding="utf-8"?><testsuites name="pytest tests"><testsuite name="pytest" errors="6" failures="0" skipped="63" tests="632" time="65.062" timestamp="2026-08-14T10:25:23.011986+08:00" hostname="HTDK-LP-1460"><testcase classname="tests.test_approvals" name="test_approval_instance_list" time="0.287" /><testcase classname="tests.test_approvals" name="test_approval_pending_mine" time="0.068" /><testcase classname="tests.test_approvals" name="test_approval_initiated_by_me" time="0.078" /><testcase classname="tests.test_approvals" name="test_approval_filter_by_business_type" time="0.065" /><testcase classname="tests.test_approvals" name="test_approval_flow_list" time="0.058" /><testcase classname="tests.test_approvals" name="test_approval_flow_create" time="0.131" /><testcase classname="tests.test_approvals" name="test_approval_delegate_list" time="0.059" /><testcase classname="tests.test_approvals" name="test_approval_delegate_create" time="0.124" /><testcase classname="tests.test_approvals" name="test_approval_monitor_list" time="0.071" /><testcase classname="tests.test_approvals" name="test_approval_instance_detail" time="0.141" /><testcase classname="tests.test_approvals" name="test_approval_approve_action" time="0.114" /><testcase classname="tests.test_approvals" name="test_approval_reject_action" time="0.142" /><testcase classname="tests.test_categories" name="test_category_tree_query" time="0.061" /><testcase classname="tests.test_categories" name="test_category_create" time="0.139" /><testcase classname="tests.test_categories" name="test_category_update" time="0.208" /><testcase classname="tests.test_categories" name="test_category_delete" time="0.137" /><testcase classname="tests.test_categories" name="test_product_line_list_query" time="0.055" /><testcase classname="tests.test_categories" name="test_product_line_create" time="0.054"><skipped type="pytest.skip" message="创建产品线失败: 400 level must not be empty">C:\Users\vinkin.yx.yu\Desktop\DMSdoc\automation_test\tests\test_categories.py:116: 创建产品线失败: 400 level must not be empty</skipped></testcase><testcase classname="tests.test_categories" name="test_package_level_list_query" time="0.058" /><testcase classname="tests.test_categories" name="test_supplier_list_query" time="0.064" /><testcase classname="tests.test_categories" name="test_warehouse_list_query" time="0.072" /><testcase classname="tests.test_categories" name="test_hospital_list_query" time="0.059" /><testcase classname="tests.test_categories" name="test_region_list_query" time="0.059" /><testcase classname="tests.test_categories" name="test_product_price_query" time="0.130" /><testcase classname="tests.test_categories" name="test_dict_item_query" time="0.081" /><testcase classname="tests.test_categories" name="test_supplier_create" time="0.130" /><testcase classname="tests.test_categories" name="test_warehouse_create" time="0.214" /><testcase classname="tests.test_contracts" name="test_contract_list_query" time="0.056" /><testcase classname="tests.test_contracts" name="test_contract_filter_by_status" time="0.060" /><testcase classname="tests.test_contracts" name="test_contract_search_by_keyword" time="0.060" /><testcase classname="tests.test_contracts" name="test_contract_template_list" time="0.061" /><testcase classname="tests.test_contracts" name="test_create_contract_template" time="0.058"><skipped type="pytest.skip" message="创建合同模板失败: 400 绑定分类不能为空">C:\Users\vinkin.yx.yu\文件\05_其他\DMS\DMS\automation_test\tests\test_contracts.py:77: 创建合同模板失败: 400 绑定分类不能为空</skipped></testcase><testcase classname="tests.test_contracts" name="test_create_contract" time="0.125" /><testcase classname="tests.test_contracts" name="test_get_contract_detail" time="0.122" /><testcase classname="tests.test_contracts" name="test_update_contract" time="0.056" /><testcase classname="tests.test_contracts" name="test_contract_submit_approval" time="0.166" /><testcase classname="tests.test_contracts" name="test_contract_export" time="0.194" /><testcase classname="tests.test_contracts" name="test_contract_match_template" time="0.064" /><testcase classname="tests.test_contracts" name="test_delete_contract_draft" time="0.142" /><testcase classname="tests.test_contracts" name="test_authorization_list" time="0.068" /><testcase classname="tests.test_contracts" name="test_create_authorization" time="0.132"><skipped type="pytest.skip" message="创建授权失败: 400 授权医院/终端必填">C:\Users\vinkin.yx.yu\文件\05_其他\DMS\DMS\automation_test\tests\test_contracts.py:227: 创建授权失败: 400 授权医院/终端必填</skipped></testcase><testcase classname="tests.test_integration" name="test_product_to_sales_order" time="0.111"><skipped type="pytest.skip" message="创建产品失败，跳过该集成测试: status=400, msg=productType 非法，请使用字典 product_type 中的启用值">C:\Users\vinkin.yx.yu\文件\05_其他\DMS\DMS\automation_test\tests\test_integration.py:90: 创建产品失败，跳过该集成测试: status=400, msg=productType 非法，请使用字典 product_type 中的启用值</skipped></testcase><testcase classname="tests.test_integration" name="test_purchase_receipt_to_sales_issue" time="0.633"><skipped type="pytest.skip" message="创建出库单失败，跳过后续: status=400, msg=销售出库明细为空">C:\Users\vinkin.yx.yu\文件\05_其他\DMS\DMS\automation_test\tests\test_integration.py:237: 创建出库单失败，跳过后续: status=400, msg=销售出库明细为空</skipped></testcase><testcase classname="tests.test_integration" name="test_contract_template_to_approval" time="0.065"><skipped type="pytest.skip" message="创建合同模板失败，跳过该集成测试: status=400, msg=绑定分类不能为空">C:\Users\vinkin.yx.yu\文件\05_其他\DMS\DMS\automation_test\tests\test_integration.py:274: 创建合同模板失败，跳过该集成测试: status=400, msg=绑定分类不能为空</skipped></testcase><testcase classname="tests.test_integration" name="test_surgery_report_to_sales_order" time="0.120"><skipped type="pytest.skip" message="创建手术报台失败，跳过该集成测试: status=400, msg=终端医院必填">C:\Users\vinkin.yx.yu\文件\05_其他\DMS\DMS\automation_test\tests\test_integration.py:362: 创建手术报台失败，跳过该集成测试: status=400, msg=终端医院必填</skipped></testcase><testcase classname="tests.test_integration" name="test_promotion_to_sales_order" time="0.060"><skipped type="pytest.skip" message="创建促销活动失败，跳过该集成测试: status=400, msg=非法的 promoType">C:\Users\vinkin.yx.yu\文件\05_其他\DMS\DMS\automation_test\tests\test_integration.py:435: 创建促销活动失败，跳过该集成测试: status=400, msg=非法的 promoType</skipped></testcase><testcase classname="tests.test_inventory.TestInventoryQuery" name="test_inventory_list_smoke" time="0.074" /><testcase classname="tests.test_inventory.TestInventoryQuery" name="test_inventory_filter_by_warehouse_api" time="0.074" /><testcase classname="tests.test_inventory.TestInventoryQuery" name="test_inventory_filter_by_product_api" time="0.058" /><testcase classname="tests.test_inventory.TestInventoryQuery" name="test_inventory_low_stock_api" time="0.079" /><testcase classname="tests.test_inventory.TestGoodsIssues" name="test_goods_issues_list_api" time="0.059" /><testcase classname="tests.test_inventory.TestGoodsIssues" name="test_create_goods_issue_crud" time="0.060"><skipped type="pytest.skip" message="创建出库单失败: 400 销售出库明细为空">C:\Users\vinkin.yx.yu\Desktop\DMSdoc\automation_test\tests\test_inventory.py:78: 创建出库单失败: 400 销售出库明细为空</skipped></testcase><testcase classname="tests.test_inventory.TestGoodsReceipts" name="test_goods_receipts_list_api" time="0.077" /><testcase classname="tests.test_inventory.TestGoodsReceipts" name="test_create_goods_receipt_crud" time="0.133" /><testcase classname="tests.test_inventory.TestStockMoves" name="test_stock_moves_list_api" time="0.088" /><testcase classname="tests.test_inventory.TestStockAdjustments" name="test_create_stock_adjustment_crud" time="0.066"><skipped type="pytest.skip" message="创建库存调整失败: 400 调整明细不能为空">C:\Users\vinkin.yx.yu\Desktop\DMSdoc\automation_test\tests\test_inventory.py:182: 创建库存调整失败: 400 调整明细不能为空</skipped></testcase><testcase classname="tests.test_l1_entry.TestL1BizModules" name="test_biz_module_api_exists[\u4ea7\u54c1\u7ba1\u7406-/api/products-True]" time="0.068" /><testcase classname="tests.test_l1_entry.TestL1BizModules" name="test_biz_module_api_exists[\u4ea7\u54c1\u5206\u7c7b-/api/product-categories-True]" time="0.068" /><testcase classname="tests.test_l1_entry.TestL1BizModules" name="test_biz_module_api_exists[\u4ea7\u54c1\u7ebf-/api/product-lines-True]" time="0.058" /><testcase classname="tests.test_l1_entry.TestL1BizModules" name="test_biz_module_api_exists[\u5305\u88c5\u89c4\u683c-/api/product-package-levels-True]" time="0.064" /><testcase classname="tests.test_l1_entry.TestL1BizModules" name="test_biz_module_api_exists[\u4ea7\u54c1\u5957\u5305-/api/product-bundles-True]" time="0.065" /><testcase classname="tests.test_l1_entry.TestL1BizModules" name="test_biz_module_api_exists[\u7ecf\u9500\u5546\u7ba1\u7406-/api/dealers-True]" time="0.065" /><testcase classname="tests.test_l1_entry.TestL1BizModules" name="test_biz_module_api_exists[\u533b\u9662\u7ba1\u7406-/api/hospitals-True]" time="0.058" /><testcase classname="tests.test_l1_entry.TestL1BizModules" name="test_biz_module_api_exists[\u4f9b\u5e94\u5546-/api/suppliers-True]" time="0.057" /><testcase classname="tests.test_l1_entry.TestL1BizModules" name="test_biz_module_api_exists[\u4ed3\u5e93\u7ba1\u7406-/api/warehouses-True]" time="0.067" /><testcase classname="tests.test_l1_entry.TestL1BizModules" name="test_biz_module_api_exists[\u533a\u57df\u7ba1\u7406-/api/regions-True]" time="0.053" /><testcase classname="tests.test_l1_entry.TestL1BizModules" name="test_biz_module_api_exists[\u4ea7\u54c1\u4ef7\u683c-/api/product-prices-True]" time="0.062" /><testcase classname="tests.test_l1_entry.TestL1BizModules" name="test_biz_module_api_exists[\u5408\u540c\u5de5\u4f5c\u53f0-/api/contracts-True]" time="0.055" /><testcase classname="tests.test_l1_entry.TestL1BizModules" name="test_biz_module_api_exists[\u5408\u540c\u6a21\u677f-/api/contract-templates-True]" time="0.060" /><testcase classname="tests.test_l1_entry.TestL1BizModules" name="test_biz_module_api_exists[\u6388\u6743\u7ba1\u7406-/api/authorizations-True]" time="0.069" /><testcase classname="tests.test_l1_entry.TestL1BizModules" name="test_biz_module_api_exists[\u9500\u552e\u8ba2\u5355-/api/sales-orders-True]" time="0.061" /><testcase classname="tests.test_l1_entry.TestL1BizModules" name="test_biz_module_api_exists[\u91c7\u8d2d\u8ba2\u5355-/api/purchase-orders-True]" time="0.060" /><testcase classname="tests.test_l1_entry.TestL1BizModules" name="test_biz_module_api_exists[\u9500\u9000\u8ba2\u5355-/api/sales-returns-True]" time="0.059" /><testcase classname="tests.test_l1_entry.TestL1BizModules" name="test_biz_module_api_exists[\u91c7\u9000\u8ba2\u5355-/api/purchase-returns-True]" time="0.059" /><testcase classname="tests.test_l1_entry.TestL1BizModules" name="test_biz_module_api_exists[\u5e93\u5b58\u67e5\u8be2-/api/inventory-True]" time="0.077" /><testcase classname="tests.test_l1_entry.TestL1BizModules" name="test_biz_module_api_exists[\u6536\u8d27\u5165\u5e93-/api/receipts-True]" time="0.066" /><testcase classname="tests.test_l1_entry.TestL1BizModules" name="test_biz_module_api_exists[\u9500\u552e\u51fa\u5e93-/api/sales-outs-True]" time="0.072" /><testcase classname="tests.test_l1_entry.TestL1BizModules" name="test_biz_module_api_exists[\u5e93\u5b58\u79fb\u52a8-/api/stock-moves-True]" time="0.069" /><testcase classname="tests.test_l1_entry.TestL1BizModules" name="test_biz_module_api_exists[\u5e93\u5b58\u8c03\u6574-/api/inventory-adjustments-True]" time="0.061" /><testcase classname="tests.test_l1_entry.TestL1BizModules" name="test_biz_module_api_exists[\u624b\u672f\u62a5\u53f0-/api/surgery-reports-True]" time="0.065" /><testcase classname="tests.test_l1_entry.TestL1BizModules" name="test_biz_module_api_exists[\u4fc3\u9500\u89c4\u5219-/api/promotions-True]" time="0.057" /><testcase classname="tests.test_l1_entry.TestL1BizModules" name="test_biz_module_api_exists[\u7528\u6237\u7ba1\u7406-/api/users-True]" time="0.107" /><testcase classname="tests.test_l1_entry.TestL1BizModules" name="test_biz_module_api_exists[\u89d2\u8272\u7ba1\u7406-/api/roles-True]" time="0.064" /><testcase classname="tests.test_l1_entry.TestL1BizModules" name="test_biz_module_api_exists[\u9500\u552e\u5c97\u4f4d-/api/sales-positions-True]" time="0.068" /><testcase classname="tests.test_l1_entry.TestL1BizModules" name="test_biz_module_api_exists[\u6d88\u606f\u901a\u77e5-/api/notifications-True]" time="0.058" /><testcase classname="tests.test_l1_entry.TestL1BizModules" name="test_biz_module_api_exists[\u4ea7\u54c1\u5bf9\u7801-/api/product-mappings-True]" time="0.060" /><testcase classname="tests.test_l1_entry.TestL1BizModules" name="test_biz_module_response_structure[\u4ea7\u54c1\u7ba1\u7406-/api/products-True]" time="0.062" /><testcase classname="tests.test_l1_entry.TestL1BizModules" name="test_biz_module_response_structure[\u4ea7\u54c1\u5206\u7c7b-/api/product-categories-True]" time="0.062" /><testcase classname="tests.test_l1_entry.TestL1BizModules" name="test_biz_module_response_structure[\u4ea7\u54c1\u7ebf-/api/product-lines-True]" time="0.052" /><testcase classname="tests.test_l1_entry.TestL1BizModules" name="test_biz_module_response_structure[\u5305\u88c5\u89c4\u683c-/api/product-package-levels-True]" time="0.057" /><testcase classname="tests.test_l1_entry.TestL1BizModules" name="test_biz_module_response_structure[\u4ea7\u54c1\u5957\u5305-/api/product-bundles-True]" time="0.052" /><testcase classname="tests.test_l1_entry.TestL1BizModules" name="test_biz_module_response_structure[\u7ecf\u9500\u5546\u7ba1\u7406-/api/dealers-True]" time="0.061" /><testcase classname="tests.test_l1_entry.TestL1BizModules" name="test_biz_module_response_structure[\u533b\u9662\u7ba1\u7406-/api/hospitals-True]" time="0.059" /><testcase classname="tests.test_l1_entry.TestL1BizModules" name="test_biz_module_response_structure[\u4f9b\u5e94\u5546-/api/suppliers-True]" time="0.052" /><testcase classname="tests.test_l1_entry.TestL1BizModules" name="test_biz_module_response_structure[\u4ed3\u5e93\u7ba1\u7406-/api/warehouses-True]" time="0.058" /><testcase classname="tests.test_l1_entry.TestL1BizModules" name="test_biz_module_response_structure[\u533a\u57df\u7ba1\u7406-/api/regions-True]" time="0.054" /><testcase classname="tests.test_l1_entry.TestL1BizModules" name="test_biz_module_response_structure[\u4ea7\u54c1\u4ef7\u683c-/api/product-prices-True]" time="0.054" /><testcase classname="tests.test_l1_entry.TestL1BizModules" name="test_biz_module_response_structure[\u5408\u540c\u5de5\u4f5c\u53f0-/api/contracts-True]" time="0.060" /><testcase classname="tests.test_l1_entry.TestL1BizModules" name="test_biz_module_response_structure[\u5408\u540c\u6a21\u677f-/api/contract-templates-True]" time="0.051" /><testcase classname="tests.test_l1_entry.TestL1BizModules" name="test_biz_module_response_structure[\u6388\u6743\u7ba1\u7406-/api/authorizations-True]" time="0.070" /><testcase classname="tests.test_l1_entry.TestL1BizModules" name="test_biz_module_response_structure[\u9500\u552e\u8ba2\u5355-/api/sales-orders-True]" time="0.057" /><testcase classname="tests.test_l1_entry.TestL1BizModules" name="test_biz_module_response_structure[\u91c7\u8d2d\u8ba2\u5355-/api/purchase-orders-True]" time="0.063" /><testcase classname="tests.test_l1_entry.TestL1BizModules" name="test_biz_module_response_structure[\u9500\u9000\u8ba2\u5355-/api/sales-returns-True]" time="0.060" /><testcase classname="tests.test_l1_entry.TestL1BizModules" name="test_biz_module_response_structure[\u91c7\u9000\u8ba2\u5355-/api/purchase-returns-True]" time="0.060" /><testcase classname="tests.test_l1_entry.TestL1BizModules" name="test_biz_module_response_structure[\u5e93\u5b58\u67e5\u8be2-/api/inventory-True]" time="0.067" /><testcase classname="tests.test_l1_entry.TestL1BizModules" name="test_biz_module_response_structure[\u6536\u8d27\u5165\u5e93-/api/receipts-True]" time="0.057" /><testcase classname="tests.test_l1_entry.TestL1BizModules" name="test_biz_module_response_structure[\u9500\u552e\u51fa\u5e93-/api/sales-outs-True]" time="0.056" /><testcase classname="tests.test_l1_entry.TestL1BizModules" name="test_biz_module_response_structure[\u5e93\u5b58\u79fb\u52a8-/api/stock-moves-True]" time="0.065" /><testcase classname="tests.test_l1_entry.TestL1BizModules" name="test_biz_module_response_structure[\u5e93\u5b58\u8c03\u6574-/api/inventory-adjustments-True]" time="0.053" /><testcase classname="tests.test_l1_entry.TestL1BizModules" name="test_biz_module_response_structure[\u624b\u672f\u62a5\u53f0-/api/surgery-reports-True]" time="0.056" /><testcase classname="tests.test_l1_entry.TestL1BizModules" name="test_biz_module_response_structure[\u4fc3\u9500\u89c4\u5219-/api/promotions-True]" time="0.055" /><testcase classname="tests.test_l1_entry.TestL1BizModules" name="test_biz_module_response_structure[\u7528\u6237\u7ba1\u7406-/api/users-True]" time="0.086" /><testcase classname="tests.test_l1_entry.TestL1BizModules" name="test_biz_module_response_structure[\u89d2\u8272\u7ba1\u7406-/api/roles-True]" time="0.068" /><testcase classname="tests.test_l1_entry.TestL1BizModules" name="test_biz_module_response_structure[\u9500\u552e\u5c97\u4f4d-/api/sales-positions-True]" time="0.059" /><testcase classname="tests.test_l1_entry.TestL1BizModules" name="test_biz_module_response_structure[\u6d88\u606f\u901a\u77e5-/api/notifications-True]" time="0.065" /><testcase classname="tests.test_l1_entry.TestL1BizModules" name="test_biz_module_response_structure[\u4ea7\u54c1\u5bf9\u7801-/api/product-mappings-True]" time="0.069" /><testcase classname="tests.test_l1_entry.TestL1ReportModules" name="test_report_api_exists[\u8ba2\u5355\u8ffd\u6eaf\u62a5\u8868-/api/reports/order-trace-True]" time="0.081" /><testcase classname="tests.test_l1_entry.TestL1ReportModules" name="test_report_api_exists[\u9500\u552e\u6392\u884c\u62a5\u8868-/api/reports/sales-ranking-True]" time="0.069" /><testcase classname="tests.test_l1_entry.TestL1ReportModules" name="test_report_api_exists[\u5e93\u5b58\u5468\u8f6c\u62a5\u8868-/api/reports/inventory-turnover-True]" time="0.081" /><testcase classname="tests.test_l1_entry.TestL1ApprovalModules" name="test_approval_api_exists[\u5ba1\u6279\u5b9e\u4f8b-/api/approval-instances-False]" time="0.062" /><testcase classname="tests.test_l1_entry.TestL1ApprovalModules" name="test_approval_api_exists[\u5ba1\u6279\u6d41\u7a0b-/api/approval-flows-False]" time="0.060" /><testcase classname="tests.test_l1_entry.TestL1ApprovalModules" name="test_approval_api_exists[\u5ba1\u6279\u59d4\u6258-/api/approval-delegates-False]" time="0.065" /><testcase classname="tests.test_l1_entry.TestL1ApprovalModules" name="test_approval_api_exists[\u5ba1\u6279\u76d1\u63a7-/api/approval-monitors-False]" time="0.062" /><testcase classname="tests.test_l1_entry.TestL1AdminModules" name="test_admin_module_api_exists[\u79df\u6237\u7ba1\u7406-/api/admin/tenants-False]" time="0.343"><skipped type="pytest.xfail" message="租户管理 API未实现（已知BUG-020）" /></testcase><testcase classname="tests.test_l1_entry.TestL1AdminModules" name="test_admin_module_api_exists[\u5e73\u53f0\u7528\u6237-/api/admin/users-False]" time="0.061"><skipped type="pytest.xfail" message="平台用户 API未实现（已知BUG-020）" /></testcase><testcase classname="tests.test_l1_entry.TestL1AdminModules" name="test_admin_module_api_exists[\u5b57\u5178\u7c7b\u578b-/api/admin/dict-types-False]" time="0.064"><skipped type="pytest.xfail" message="字典类型 API未实现（已知BUG-020）" /></testcase><testcase classname="tests.test_l1_entry.TestL1AdminModules" name="test_admin_module_api_exists[\u5b57\u5178\u9879-/api/admin/dict-items-False]" time="0.078"><skipped type="pytest.xfail" message="字典项 API未实现（已知BUG-020）" /></testcase><testcase classname="tests.test_l1_entry.TestL1AdminModules" name="test_admin_module_api_exists[\u5e73\u53f0\u83dc\u5355-/api/admin/menus-True]" time="0.059" /><testcase classname="tests.test_l1_entry.TestL1AdminModules" name="test_admin_module_api_exists[\u5ba1\u8ba1\u65e5\u5fd7-/api/admin/audit-logs-False]" time="0.063"><skipped type="pytest.xfail" message="审计日志 API未实现（已知BUG-020）" /></testcase><testcase classname="tests.test_l1_entry.TestL1AdminModules" name="test_admin_module_api_exists[\u767b\u5f55\u65e5\u5fd7-/api/admin/login-logs-False]" time="0.127"><skipped type="pytest.xfail" message="登录日志 API未实现（已知BUG-020）" /></testcase><testcase classname="tests.test_l1_entry.TestL1AdminModules" name="test_admin_module_api_exists[\u63a5\u53e3\u65e5\u5fd7-/api/admin/api-call-logs-True]" time="0.065" /><testcase classname="tests.test_l1_entry.TestL1AdminModules" name="test_admin_module_api_exists[\u79df\u6237\u7ed1\u5b9a-/api/admin/tenant-dealer-bindings-False]" time="0.064"><skipped type="pytest.xfail" message="租户绑定 API未实现（已知BUG-020）" /></testcase><testcase classname="tests.test_l1_entry.TestL1CoreApis" name="test_login_api_exists" time="0.001" /><testcase classname="tests.test_l1_entry.TestL1CoreApis" name="test_me_api_exists" time="0.064" /><testcase classname="tests.test_l1_entry.TestL1CoreApis" name="test_permissions_api_exists" time="0.082" /><testcase classname="tests.test_l1_entry.TestL1CoreApis" name="test_ui_layout_api_exists" time="0.065" /><testcase classname="tests.test_l1_entry.TestL1CoreApis" name="test_admin_login_api_exists" time="0.002" /><testcase classname="tests.test_l1_entry.TestL1CoreApis" name="test_admin_me_api_exists" time="0.058" /><testcase classname="tests.test_l2_list.TestL2ListStructure" name="test_list_has_data[\u4ea7\u54c1\u7ba1\u7406-/api/products-15-True]" time="0.072" /><testcase classname="tests.test_l2_list.TestL2ListStructure" name="test_list_has_data[\u4ea7\u54c1\u5206\u7c7b-/api/product-categories-6-True]" time="0.065" /><testcase classname="tests.test_l2_list.TestL2ListStructure" name="test_list_has_data[\u7ecf\u9500\u5546\u7ba1\u7406-/api/dealers-10-True]" time="0.057" /><testcase classname="tests.test_l2_list.TestL2ListStructure" name="test_list_has_data[\u533b\u9662\u7ba1\u7406-/api/hospitals-8-True]" time="0.058" /><testcase classname="tests.test_l2_list.TestL2ListStructure" name="test_list_has_data[\u4f9b\u5e94\u5546-/api/suppliers-8-True]" time="0.054" /><testcase classname="tests.test_l2_list.TestL2ListStructure" name="test_list_has_data[\u4ed3\u5e93\u7ba1\u7406-/api/warehouses-6-True]" time="0.054" /><testcase classname="tests.test_l2_list.TestL2ListStructure" name="test_list_has_data[\u533a\u57df\u7ba1\u7406-/api/regions-6-True]" time="0.056" /><testcase classname="tests.test_l2_list.TestL2ListStructure" name="test_list_has_data[\u9500\u552e\u5c97\u4f4d-/api/sales-positions-6-True]" time="0.055" /><testcase classname="tests.test_l2_list.TestL2ListStructure" name="test_list_has_data[\u5408\u540c\u5de5\u4f5c\u53f0-/api/contracts-6-True]" time="0.061" /><testcase classname="tests.test_l2_list.TestL2ListStructure" name="test_list_has_data[\u6388\u6743\u7ba1\u7406-/api/authorizations-8-True]" time="0.060" /><testcase classname="tests.test_l2_list.TestL2ListStructure" name="test_list_has_data[\u9500\u552e\u8ba2\u5355-/api/sales-orders-10-True]" time="0.058" /><testcase classname="tests.test_l2_list.TestL2ListStructure" name="test_list_has_data[\u91c7\u8d2d\u8ba2\u5355-/api/purchase-orders-8-True]" time="0.052" /><testcase classname="tests.test_l2_list.TestL2ListStructure" name="test_list_has_data[\u4fc3\u9500\u89c4\u5219-/api/promotions-8-True]" time="0.057" /><testcase classname="tests.test_l2_list.TestL2ListStructure" name="test_list_has_data[\u624b\u672f\u62a5\u53f0-/api/surgery-reports-8-True]" time="0.055" /><testcase classname="tests.test_l2_list.TestL2ListStructure" name="test_list_has_data[\u5e93\u5b58\u67e5\u8be2-/api/inventory-8-True]" time="0.085" /><testcase classname="tests.test_l2_list.TestL2ListStructure" name="test_list_has_data[\u6536\u8d27\u5165\u5e93-/api/receipts-10-True]" time="0.054" /><testcase classname="tests.test_l2_list.TestL2ListStructure" name="test_list_has_data[\u9500\u552e\u51fa\u5e93-/api/sales-outs-10-True]" time="0.119" /><testcase classname="tests.test_l2_list.TestL2ListStructure" name="test_list_has_data[\u7528\u6237\u7ba1\u7406-/api/users-8-True]" time="0.070" /><testcase classname="tests.test_l2_list.TestL2ListStructure" name="test_list_has_data[\u89d2\u8272\u7ba1\u7406-/api/roles-6-True]" time="0.059" /><testcase classname="tests.test_l2_list.TestL2ListStructure" name="test_list_field_count[\u4ea7\u54c1\u7ba1\u7406-/api/products-15-True]" time="0.060" /><testcase classname="tests.test_l2_list.TestL2ListStructure" name="test_list_field_count[\u4ea7\u54c1\u5206\u7c7b-/api/product-categories-6-True]" time="0.060" /><testcase classname="tests.test_l2_list.TestL2ListStructure" name="test_list_field_count[\u7ecf\u9500\u5546\u7ba1\u7406-/api/dealers-10-True]" time="0.058" /><testcase classname="tests.test_l2_list.TestL2ListStructure" name="test_list_field_count[\u533b\u9662\u7ba1\u7406-/api/hospitals-8-True]" time="0.059" /><testcase classname="tests.test_l2_list.TestL2ListStructure" name="test_list_field_count[\u4f9b\u5e94\u5546-/api/suppliers-8-True]" time="0.052" /><testcase classname="tests.test_l2_list.TestL2ListStructure" name="test_list_field_count[\u4ed3\u5e93\u7ba1\u7406-/api/warehouses-6-True]" time="0.054" /><testcase classname="tests.test_l2_list.TestL2ListStructure" name="test_list_field_count[\u533a\u57df\u7ba1\u7406-/api/regions-6-True]" time="0.059" /><testcase classname="tests.test_l2_list.TestL2ListStructure" name="test_list_field_count[\u9500\u552e\u5c97\u4f4d-/api/sales-positions-6-True]" time="0.059" /><testcase classname="tests.test_l2_list.TestL2ListStructure" name="test_list_field_count[\u5408\u540c\u5de5\u4f5c\u53f0-/api/contracts-6-True]" time="0.054" /><testcase classname="tests.test_l2_list.TestL2ListStructure" name="test_list_field_count[\u6388\u6743\u7ba1\u7406-/api/authorizations-8-True]" time="0.055" /><testcase classname="tests.test_l2_list.TestL2ListStructure" name="test_list_field_count[\u9500\u552e\u8ba2\u5355-/api/sales-orders-10-True]" time="0.059" /><testcase classname="tests.test_l2_list.TestL2ListStructure" name="test_list_field_count[\u91c7\u8d2d\u8ba2\u5355-/api/purchase-orders-8-True]" time="0.056" /><testcase classname="tests.test_l2_list.TestL2ListStructure" name="test_list_field_count[\u4fc3\u9500\u89c4\u5219-/api/promotions-8-True]" time="0.059" /><testcase classname="tests.test_l2_list.TestL2ListStructure" name="test_list_field_count[\u624b\u672f\u62a5\u53f0-/api/surgery-reports-8-True]" time="0.071" /><testcase classname="tests.test_l2_list.TestL2ListStructure" name="test_list_field_count[\u5e93\u5b58\u67e5\u8be2-/api/inventory-8-True]" time="0.064" /><testcase classname="tests.test_l2_list.TestL2ListStructure" name="test_list_field_count[\u6536\u8d27\u5165\u5e93-/api/receipts-10-True]" time="0.052" /><testcase classname="tests.test_l2_list.TestL2ListStructure" name="test_list_field_count[\u9500\u552e\u51fa\u5e93-/api/sales-outs-10-True]" time="0.057" /><testcase classname="tests.test_l2_list.TestL2ListStructure" name="test_list_field_count[\u7528\u6237\u7ba1\u7406-/api/users-8-True]" time="0.061" /><testcase classname="tests.test_l2_list.TestL2ListStructure" name="test_list_field_count[\u89d2\u8272\u7ba1\u7406-/api/roles-6-True]" time="0.058" /><testcase classname="tests.test_l2_list.TestL2ListStructure" name="test_list_has_id_field[\u4ea7\u54c1\u7ba1\u7406-/api/products-15-True]" time="0.064" /><testcase classname="tests.test_l2_list.TestL2ListStructure" name="test_list_has_id_field[\u4ea7\u54c1\u5206\u7c7b-/api/product-categories-6-True]" time="0.055" /><testcase classname="tests.test_l2_list.TestL2ListStructure" name="test_list_has_id_field[\u7ecf\u9500\u5546\u7ba1\u7406-/api/dealers-10-True]" time="0.061" /><testcase classname="tests.test_l2_list.TestL2ListStructure" name="test_list_has_id_field[\u533b\u9662\u7ba1\u7406-/api/hospitals-8-True]" time="0.054" /><testcase classname="tests.test_l2_list.TestL2ListStructure" name="test_list_has_id_field[\u4f9b\u5e94\u5546-/api/suppliers-8-True]" time="0.054" /><testcase classname="tests.test_l2_list.TestL2ListStructure" name="test_list_has_id_field[\u4ed3\u5e93\u7ba1\u7406-/api/warehouses-6-True]" time="0.061" /><testcase classname="tests.test_l2_list.TestL2ListStructure" name="test_list_has_id_field[\u533a\u57df\u7ba1\u7406-/api/regions-6-True]" time="0.053" /><testcase classname="tests.test_l2_list.TestL2ListStructure" name="test_list_has_id_field[\u9500\u552e\u5c97\u4f4d-/api/sales-positions-6-True]" time="0.057" /><testcase classname="tests.test_l2_list.TestL2ListStructure" name="test_list_has_id_field[\u5408\u540c\u5de5\u4f5c\u53f0-/api/contracts-6-True]" time="0.054" /><testcase classname="tests.test_l2_list.TestL2ListStructure" name="test_list_has_id_field[\u6388\u6743\u7ba1\u7406-/api/authorizations-8-True]" time="0.061" /><testcase classname="tests.test_l2_list.TestL2ListStructure" name="test_list_has_id_field[\u9500\u552e\u8ba2\u5355-/api/sales-orders-10-True]" time="0.065" /><testcase classname="tests.test_l2_list.TestL2ListStructure" name="test_list_has_id_field[\u91c7\u8d2d\u8ba2\u5355-/api/purchase-orders-8-True]" time="0.055" /><testcase classname="tests.test_l2_list.TestL2ListStructure" name="test_list_has_id_field[\u4fc3\u9500\u89c4\u5219-/api/promotions-8-True]" time="0.055" /><testcase classname="tests.test_l2_list.TestL2ListStructure" name="test_list_has_id_field[\u624b\u672f\u62a5\u53f0-/api/surgery-reports-8-True]" time="0.060" /><testcase classname="tests.test_l2_list.TestL2ListStructure" name="test_list_has_id_field[\u5e93\u5b58\u67e5\u8be2-/api/inventory-8-True]" time="0.063" /><testcase classname="tests.test_l2_list.TestL2ListStructure" name="test_list_has_id_field[\u6536\u8d27\u5165\u5e93-/api/receipts-10-True]" time="0.060" /><testcase classname="tests.test_l2_list.TestL2ListStructure" name="test_list_has_id_field[\u9500\u552e\u51fa\u5e93-/api/sales-outs-10-True]" time="0.060" /><testcase classname="tests.test_l2_list.TestL2ListStructure" name="test_list_has_id_field[\u7528\u6237\u7ba1\u7406-/api/users-8-True]" time="0.066" /><testcase classname="tests.test_l2_list.TestL2ListStructure" name="test_list_has_id_field[\u89d2\u8272\u7ba1\u7406-/api/roles-6-True]" time="0.062" /><testcase classname="tests.test_l2_list.TestL2ListStructure" name="test_list_has_status_field[\u4ea7\u54c1\u7ba1\u7406-/api/products-15-True]" time="0.056" /><testcase classname="tests.test_l2_list.TestL2ListStructure" name="test_list_has_status_field[\u4ea7\u54c1\u5206\u7c7b-/api/product-categories-6-True]" time="0.053" /><testcase classname="tests.test_l2_list.TestL2ListStructure" name="test_list_has_status_field[\u7ecf\u9500\u5546\u7ba1\u7406-/api/dealers-10-True]" time="0.069" /><testcase classname="tests.test_l2_list.TestL2ListStructure" name="test_list_has_status_field[\u533b\u9662\u7ba1\u7406-/api/hospitals-8-True]" time="0.062" /><testcase classname="tests.test_l2_list.TestL2ListStructure" name="test_list_has_status_field[\u4f9b\u5e94\u5546-/api/suppliers-8-True]" time="0.058" /><testcase classname="tests.test_l2_list.TestL2ListStructure" name="test_list_has_status_field[\u4ed3\u5e93\u7ba1\u7406-/api/warehouses-6-True]" time="0.054" /><testcase classname="tests.test_l2_list.TestL2ListStructure" name="test_list_has_status_field[\u533a\u57df\u7ba1\u7406-/api/regions-6-True]" time="0.057" /><testcase classname="tests.test_l2_list.TestL2ListStructure" name="test_list_has_status_field[\u9500\u552e\u5c97\u4f4d-/api/sales-positions-6-True]" time="0.063" /><testcase classname="tests.test_l2_list.TestL2ListStructure" name="test_list_has_status_field[\u5408\u540c\u5de5\u4f5c\u53f0-/api/contracts-6-True]" time="0.071" /><testcase classname="tests.test_l2_list.TestL2ListStructure" name="test_list_has_status_field[\u6388\u6743\u7ba1\u7406-/api/authorizations-8-True]" time="0.055" /><testcase classname="tests.test_l2_list.TestL2ListStructure" name="test_list_has_status_field[\u9500\u552e\u8ba2\u5355-/api/sales-orders-10-True]" time="0.057" /><testcase classname="tests.test_l2_list.TestL2ListStructure" name="test_list_has_status_field[\u91c7\u8d2d\u8ba2\u5355-/api/purchase-orders-8-True]" time="0.060" /><testcase classname="tests.test_l2_list.TestL2ListStructure" name="test_list_has_status_field[\u4fc3\u9500\u89c4\u5219-/api/promotions-8-True]" time="0.059" /><testcase classname="tests.test_l2_list.TestL2ListStructure" name="test_list_has_status_field[\u624b\u672f\u62a5\u53f0-/api/surgery-reports-8-True]" time="0.069" /><testcase classname="tests.test_l2_list.TestL2ListStructure" name="test_list_has_status_field[\u5e93\u5b58\u67e5\u8be2-/api/inventory-8-True]" time="0.078" /><testcase classname="tests.test_l2_list.TestL2ListStructure" name="test_list_has_status_field[\u6536\u8d27\u5165\u5e93-/api/receipts-10-True]" time="0.059" /><testcase classname="tests.test_l2_list.TestL2ListStructure" name="test_list_has_status_field[\u9500\u552e\u51fa\u5e93-/api/sales-outs-10-True]" time="0.062" /><testcase classname="tests.test_l2_list.TestL2ListStructure" name="test_list_has_status_field[\u7528\u6237\u7ba1\u7406-/api/users-8-True]" time="0.071" /><testcase classname="tests.test_l2_list.TestL2ListStructure" name="test_list_has_status_field[\u89d2\u8272\u7ba1\u7406-/api/roles-6-True]" time="0.061" /><testcase classname="tests.test_l2_list.TestL2Pagination" name="test_pagination_page_size[\u4ea7\u54c1\u7ba1\u7406-/api/products-True]" time="0.062" /><testcase classname="tests.test_l2_list.TestL2Pagination" name="test_pagination_page_size[\u4ea7\u54c1\u5206\u7c7b-/api/product-categories-True]" time="0.061" /><testcase classname="tests.test_l2_list.TestL2Pagination" name="test_pagination_page_size[\u7ecf\u9500\u5546\u7ba1\u7406-/api/dealers-True]" time="0.061" /><testcase classname="tests.test_l2_list.TestL2Pagination" name="test_pagination_page_size[\u533b\u9662\u7ba1\u7406-/api/hospitals-True]" time="0.060" /><testcase classname="tests.test_l2_list.TestL2Pagination" name="test_pagination_page_size[\u4f9b\u5e94\u5546-/api/suppliers-True]" time="0.066" /><testcase classname="tests.test_l2_list.TestL2Pagination" name="test_pagination_page_size[\u4ed3\u5e93\u7ba1\u7406-/api/warehouses-True]" time="0.063" /><testcase classname="tests.test_l2_list.TestL2Pagination" name="test_pagination_page_size[\u533a\u57df\u7ba1\u7406-/api/regions-True]" time="0.058" /><testcase classname="tests.test_l2_list.TestL2Pagination" name="test_pagination_page_size[\u9500\u552e\u5c97\u4f4d-/api/sales-positions-True]" time="0.057" /><testcase classname="tests.test_l2_list.TestL2Pagination" name="test_pagination_page_size[\u5408\u540c\u5de5\u4f5c\u53f0-/api/contracts-True]" time="0.053" /><testcase classname="tests.test_l2_list.TestL2Pagination" name="test_pagination_page_size[\u6388\u6743\u7ba1\u7406-/api/authorizations-True]" time="0.058" /><testcase classname="tests.test_l2_list.TestL2Pagination" name="test_pagination_page_size[\u9500\u552e\u8ba2\u5355-/api/sales-orders-True]" time="0.059" /><testcase classname="tests.test_l2_list.TestL2Pagination" name="test_pagination_page_size[\u91c7\u8d2d\u8ba2\u5355-/api/purchase-orders-True]" time="0.068" /><testcase classname="tests.test_l2_list.TestL2Pagination" name="test_pagination_page_size[\u4fc3\u9500\u89c4\u5219-/api/promotions-True]" time="0.062" /><testcase classname="tests.test_l2_list.TestL2Pagination" name="test_pagination_page_size[\u624b\u672f\u62a5\u53f0-/api/surgery-reports-True]" time="0.064" /><testcase classname="tests.test_l2_list.TestL2Pagination" name="test_pagination_page_size[\u5e93\u5b58\u67e5\u8be2-/api/inventory-True]" time="0.069" /><testcase classname="tests.test_l2_list.TestL2Pagination" name="test_pagination_page_size[\u6536\u8d27\u5165\u5e93-/api/receipts-True]" time="0.056" /><testcase classname="tests.test_l2_list.TestL2Pagination" name="test_pagination_page_size[\u9500\u552e\u51fa\u5e93-/api/sales-outs-True]" time="0.065" /><testcase classname="tests.test_l2_list.TestL2Pagination" name="test_pagination_page_size[\u7528\u6237\u7ba1\u7406-/api/users-True]" time="0.067" /><testcase classname="tests.test_l2_list.TestL2Pagination" name="test_pagination_page_size_roles" time="0.053"><skipped type="pytest.xfail" message="角色管理分页参数名特殊，待确认" /></testcase><testcase classname="tests.test_l2_list.TestL2Pagination" name="test_pagination_different_pages[\u4ea7\u54c1\u7ba1\u7406-/api/products-True]" time="0.115" /><testcase classname="tests.test_l2_list.TestL2Pagination" name="test_pagination_different_pages[\u4ea7\u54c1\u5206\u7c7b-/api/product-categories-True]" time="0.116" /><testcase classname="tests.test_l2_list.TestL2Pagination" name="test_pagination_different_pages[\u7ecf\u9500\u5546\u7ba1\u7406-/api/dealers-True]" time="0.106" /><testcase classname="tests.test_l2_list.TestL2Pagination" name="test_pagination_different_pages[\u533b\u9662\u7ba1\u7406-/api/hospitals-True]" time="0.111" /><testcase classname="tests.test_l2_list.TestL2Pagination" name="test_pagination_different_pages[\u4f9b\u5e94\u5546-/api/suppliers-True]" time="0.112" /><testcase classname="tests.test_l2_list.TestL2Pagination" name="test_pagination_different_pages[\u4ed3\u5e93\u7ba1\u7406-/api/warehouses-True]" time="0.113" /><testcase classname="tests.test_l2_list.TestL2Pagination" name="test_pagination_different_pages[\u533a\u57df\u7ba1\u7406-/api/regions-True]" time="0.110" /><testcase classname="tests.test_l2_list.TestL2Pagination" name="test_pagination_different_pages[\u9500\u552e\u5c97\u4f4d-/api/sales-positions-True]" time="0.109" /><testcase classname="tests.test_l2_list.TestL2Pagination" name="test_pagination_different_pages[\u5408\u540c\u5de5\u4f5c\u53f0-/api/contracts-True]" time="0.056"><skipped type="pytest.skip" message="合同工作台 数据不足5条，跳过分页验证">C:\Users\vinkin.yx.yu\文件\05_其他\DMS\DMS\automation_test\tests\test_l2_list.py:125: 合同工作台 数据不足5条，跳过分页验证</skipped></testcase><testcase classname="tests.test_l2_list.TestL2Pagination" name="test_pagination_different_pages[\u6388\u6743\u7ba1\u7406-/api/authorizations-True]" time="0.124" /><testcase classname="tests.test_l2_list.TestL2Pagination" name="test_pagination_different_pages[\u9500\u552e\u8ba2\u5355-/api/sales-orders-True]" time="0.114" /><testcase classname="tests.test_l2_list.TestL2Pagination" name="test_pagination_different_pages[\u91c7\u8d2d\u8ba2\u5355-/api/purchase-orders-True]" time="0.117" /><testcase classname="tests.test_l2_list.TestL2Pagination" name="test_pagination_different_pages[\u4fc3\u9500\u89c4\u5219-/api/promotions-True]" time="0.119" /><testcase classname="tests.test_l2_list.TestL2Pagination" name="test_pagination_different_pages[\u624b\u672f\u62a5\u53f0-/api/surgery-reports-True]" time="0.125" /><testcase classname="tests.test_l2_list.TestL2Pagination" name="test_pagination_different_pages[\u5e93\u5b58\u67e5\u8be2-/api/inventory-True]" time="0.150" /><testcase classname="tests.test_l2_list.TestL2Pagination" name="test_pagination_different_pages[\u6536\u8d27\u5165\u5e93-/api/receipts-True]" time="0.120" /><testcase classname="tests.test_l2_list.TestL2Pagination" name="test_pagination_different_pages[\u9500\u552e\u51fa\u5e93-/api/sales-outs-True]" time="0.134" /><testcase classname="tests.test_l2_list.TestL2Pagination" name="test_pagination_different_pages[\u7528\u6237\u7ba1\u7406-/api/users-True]" time="0.137" /><testcase classname="tests.test_l2_list.TestL2Pagination" name="test_pagination_different_pages[\u89d2\u8272\u7ba1\u7406-/api/roles-True]" time="0.134"><skipped type="pytest.xfail" message="部分模块后端分页排序不稳定，存在数据重叠" /></testcase><testcase classname="tests.test_l2_list.TestL2Filtering" name="test_keyword_search_returns_results[\u4ea7\u54c1\u7ba1\u7406-/api/products-name]" time="0.066"><skipped type="pytest.skip" message="产品管理 name字段为空或非字符串">C:\Users\vinkin.yx.yu\文件\05_其他\DMS\DMS\automation_test\tests\test_l2_list.py:159: 产品管理 name字段为空或非字符串</skipped></testcase><testcase classname="tests.test_l2_list.TestL2Filtering" name="test_keyword_search_returns_results[\u7ecf\u9500\u5546\u7ba1\u7406-/api/dealers-name]" time="0.119" /><testcase classname="tests.test_l2_list.TestL2Filtering" name="test_keyword_search_returns_results[\u4f9b\u5e94\u5546-/api/suppliers-name]" time="0.106" /><testcase classname="tests.test_l2_list.TestL2Filtering" name="test_keyword_search_returns_results[\u9500\u552e\u8ba2\u5355-/api/sales-orders-orderNo]" time="0.061"><skipped type="pytest.skip" message="销售订单 orderNo字段为空或非字符串">C:\Users\vinkin.yx.yu\文件\05_其他\DMS\DMS\automation_test\tests\test_l2_list.py:159: 销售订单 orderNo字段为空或非字符串</skipped></testcase><testcase classname="tests.test_l2_list.TestL2Filtering" name="test_keyword_search_returns_results[\u7528\u6237\u7ba1\u7406-/api/users-username]" time="0.165" /><testcase classname="tests.test_l2_list.TestL2Filtering" name="test_status_filter[\u4ea7\u54c1\u7ba1\u7406-/api/products]" time="0.070" /><testcase classname="tests.test_l2_list.TestL2Filtering" name="test_status_filter[\u7ecf\u9500\u5546\u7ba1\u7406-/api/dealers]" time="0.071" /><testcase classname="tests.test_l2_list.TestL2Filtering" name="test_status_filter[\u9500\u552e\u8ba2\u5355-/api/sales-orders]" time="0.055" /><testcase classname="tests.test_l2_list.TestL2Sorting" name="test_sort_by_create_time_desc[\u4ea7\u54c1\u7ba1\u7406-/api/products]" time="0.058"><skipped type="pytest.xfail" message="sortField/sortOrder参数名可能与后端不一致" /></testcase><testcase classname="tests.test_l2_list.TestL2Sorting" name="test_sort_by_create_time_desc[\u7ecf\u9500\u5546\u7ba1\u7406-/api/dealers]" time="0.059"><skipped type="pytest.xfail" message="sortField/sortOrder参数名可能与后端不一致" /></testcase><testcase classname="tests.test_l2_list.TestL2Sorting" name="test_sort_by_create_time_desc[\u9500\u552e\u8ba2\u5355-/api/sales-orders]" time="0.058" /><testcase classname="tests.test_l2_list.TestL2TotalRecords" name="test_list_has_total_count[\u4ea7\u54c1\u7ba1\u7406-/api/products-True]" time="0.061" /><testcase classname="tests.test_l2_list.TestL2TotalRecords" name="test_list_has_total_count[\u4ea7\u54c1\u5206\u7c7b-/api/product-categories-True]" time="0.063" /><testcase classname="tests.test_l2_list.TestL2TotalRecords" name="test_list_has_total_count[\u7ecf\u9500\u5546\u7ba1\u7406-/api/dealers-True]" time="0.067" /><testcase classname="tests.test_l2_list.TestL2TotalRecords" name="test_list_has_total_count[\u533b\u9662\u7ba1\u7406-/api/hospitals-True]" time="0.071" /><testcase classname="tests.test_l2_list.TestL2TotalRecords" name="test_list_has_total_count[\u4f9b\u5e94\u5546-/api/suppliers-True]" time="0.058" /><testcase classname="tests.test_l2_list.TestL2TotalRecords" name="test_list_has_total_count[\u4ed3\u5e93\u7ba1\u7406-/api/warehouses-True]" time="0.064" /><testcase classname="tests.test_l2_list.TestL2TotalRecords" name="test_list_has_total_count[\u533a\u57df\u7ba1\u7406-/api/regions-True]" time="0.056" /><testcase classname="tests.test_l2_list.TestL2TotalRecords" name="test_list_has_total_count[\u9500\u552e\u5c97\u4f4d-/api/sales-positions-True]" time="0.057" /><testcase classname="tests.test_l2_list.TestL2TotalRecords" name="test_list_has_total_count[\u5408\u540c\u5de5\u4f5c\u53f0-/api/contracts-True]" time="0.060" /><testcase classname="tests.test_l2_list.TestL2TotalRecords" name="test_list_has_total_count[\u6388\u6743\u7ba1\u7406-/api/authorizations-True]" time="0.067" /><testcase classname="tests.test_l2_list.TestL2TotalRecords" name="test_list_has_total_count[\u9500\u552e\u8ba2\u5355-/api/sales-orders-True]" time="0.061" /><testcase classname="tests.test_l2_list.TestL2TotalRecords" name="test_list_has_total_count[\u91c7\u8d2d\u8ba2\u5355-/api/purchase-orders-True]" time="0.058" /><testcase classname="tests.test_l2_list.TestL2TotalRecords" name="test_list_has_total_count[\u4fc3\u9500\u89c4\u5219-/api/promotions-True]" time="0.063" /><testcase classname="tests.test_l2_list.TestL2TotalRecords" name="test_list_has_total_count[\u624b\u672f\u62a5\u53f0-/api/surgery-reports-True]" time="0.063" /><testcase classname="tests.test_l2_list.TestL2TotalRecords" name="test_list_has_total_count[\u5e93\u5b58\u67e5\u8be2-/api/inventory-True]" time="0.069" /><testcase classname="tests.test_l2_list.TestL2TotalRecords" name="test_list_has_total_count[\u6536\u8d27\u5165\u5e93-/api/receipts-True]" time="0.057" /><testcase classname="tests.test_l2_list.TestL2TotalRecords" name="test_list_has_total_count[\u9500\u552e\u51fa\u5e93-/api/sales-outs-True]" time="0.061" /><testcase classname="tests.test_l2_list.TestL2TotalRecords" name="test_list_has_total_count[\u7528\u6237\u7ba1\u7406-/api/users-True]" time="0.061" /><testcase classname="tests.test_l2_list.TestL2TotalRecords" name="test_list_has_total_count[\u89d2\u8272\u7ba1\u7406-/api/roles-True]" time="0.058" /><testcase classname="tests.test_l3_detail.TestL3DetailBasic" name="test_detail_api_exists[\u4ea7\u54c1\u7ba1\u7406-/api/products-False-True-10]" time="0.116" /><testcase classname="tests.test_l3_detail.TestL3DetailBasic" name="test_detail_api_exists[\u4ea7\u54c1\u5206\u7c7b-/api/product-categories-False-False-5]" time="0.113" /><testcase classname="tests.test_l3_detail.TestL3DetailBasic" name="test_detail_api_exists[\u7ecf\u9500\u5546\u7ba1\u7406-/api/dealers-False-True-10]" time="0.108" /><testcase classname="tests.test_l3_detail.TestL3DetailBasic" name="test_detail_api_exists[\u4f9b\u5e94\u5546-/api/suppliers-False-True-8]" time="0.107" /><testcase classname="tests.test_l3_detail.TestL3DetailBasic" name="test_detail_api_exists[\u4ed3\u5e93\u7ba1\u7406-/api/warehouses-False-False-6]" time="0.114" /><testcase classname="tests.test_l3_detail.TestL3DetailBasic" name="test_detail_api_exists[\u533a\u57df\u7ba1\u7406-/api/regions-False-False-5]" time="0.106" /><testcase classname="tests.test_l3_detail.TestL3DetailBasic" name="test_detail_api_exists[\u5408\u540c\u5de5\u4f5c\u53f0-/api/contracts-True-True-8]" time="0.110" /><testcase classname="tests.test_l3_detail.TestL3DetailBasic" name="test_detail_api_exists[\u6388\u6743\u7ba1\u7406-/api/authorizations-True-True-10]" time="0.116" /><testcase classname="tests.test_l3_detail.TestL3DetailBasic" name="test_detail_api_exists[\u9500\u552e\u8ba2\u5355-/api/sales-orders-True-True-10]" time="0.125" /><testcase classname="tests.test_l3_detail.TestL3DetailBasic" name="test_detail_api_exists[\u91c7\u8d2d\u8ba2\u5355-/api/purchase-orders-True-True-10]" time="0.122" /><testcase classname="tests.test_l3_detail.TestL3DetailBasic" name="test_detail_api_exists[\u4fc3\u9500\u89c4\u5219-/api/promotions-False-True-8]" time="0.129" /><testcase classname="tests.test_l3_detail.TestL3DetailBasic" name="test_detail_api_exists[\u624b\u672f\u62a5\u53f0-/api/surgery-reports-True-True-8]" time="0.121" /><testcase classname="tests.test_l3_detail.TestL3DetailBasic" name="test_detail_api_exists[\u6536\u8d27\u5165\u5e93-/api/receipts-True-True-12]" time="0.125" /><testcase classname="tests.test_l3_detail.TestL3DetailBasic" name="test_detail_api_exists[\u9500\u552e\u51fa\u5e93-/api/sales-outs-True-True-12]" time="0.137" /><testcase classname="tests.test_l3_detail.TestL3DetailBasic" name="test_detail_api_exists[\u5e93\u5b58\u79fb\u52a8-/api/stock-moves-True-True-8]" time="0.141" /><testcase classname="tests.test_l3_detail.TestL3DetailBasic" name="test_detail_api_exists[\u7528\u6237\u7ba1\u7406-/api/users-False-True-8]" time="0.136" /><testcase classname="tests.test_l3_detail.TestL3DetailBasic" name="test_detail_api_exists[\u89d2\u8272\u7ba1\u7406-/api/roles-True-True-6]" time="0.114" /><testcase classname="tests.test_l3_detail.TestL3DetailBasic" name="test_detail_api_exists[\u9500\u552e\u5c97\u4f4d-/api/sales-positions-False-False-5]" time="0.109" /><testcase classname="tests.test_l3_detail.TestL3DetailBasic" name="test_detail_field_count[\u4ea7\u54c1\u7ba1\u7406-/api/products-False-True-10]" time="0.111" /><testcase classname="tests.test_l3_detail.TestL3DetailBasic" name="test_detail_field_count[\u4ea7\u54c1\u5206\u7c7b-/api/product-categories-False-False-5]" time="0.122" /><testcase classname="tests.test_l3_detail.TestL3DetailBasic" name="test_detail_field_count[\u7ecf\u9500\u5546\u7ba1\u7406-/api/dealers-False-True-10]" time="0.130" /><testcase classname="tests.test_l3_detail.TestL3DetailBasic" name="test_detail_field_count[\u4f9b\u5e94\u5546-/api/suppliers-False-True-8]" time="0.128" /><testcase classname="tests.test_l3_detail.TestL3DetailBasic" name="test_detail_field_count[\u4ed3\u5e93\u7ba1\u7406-/api/warehouses-False-False-6]" time="0.113" /><testcase classname="tests.test_l3_detail.TestL3DetailBasic" name="test_detail_field_count[\u533a\u57df\u7ba1\u7406-/api/regions-False-False-5]" time="0.112" /><testcase classname="tests.test_l3_detail.TestL3DetailBasic" name="test_detail_field_count[\u5408\u540c\u5de5\u4f5c\u53f0-/api/contracts-True-True-8]" time="0.121" /><testcase classname="tests.test_l3_detail.TestL3DetailBasic" name="test_detail_field_count[\u6388\u6743\u7ba1\u7406-/api/authorizations-True-True-10]" time="0.121" /><testcase classname="tests.test_l3_detail.TestL3DetailBasic" name="test_detail_field_count[\u9500\u552e\u8ba2\u5355-/api/sales-orders-True-True-10]" time="0.118" /><testcase classname="tests.test_l3_detail.TestL3DetailBasic" name="test_detail_field_count[\u91c7\u8d2d\u8ba2\u5355-/api/purchase-orders-True-True-10]" time="0.129" /><testcase classname="tests.test_l3_detail.TestL3DetailBasic" name="test_detail_field_count[\u4fc3\u9500\u89c4\u5219-/api/promotions-False-True-8]" time="0.125" /><testcase classname="tests.test_l3_detail.TestL3DetailBasic" name="test_detail_field_count[\u624b\u672f\u62a5\u53f0-/api/surgery-reports-True-True-8]" time="0.135" /><testcase classname="tests.test_l3_detail.TestL3DetailBasic" name="test_detail_field_count[\u6536\u8d27\u5165\u5e93-/api/receipts-True-True-12]" time="0.127" /><testcase classname="tests.test_l3_detail.TestL3DetailBasic" name="test_detail_field_count[\u9500\u552e\u51fa\u5e93-/api/sales-outs-True-True-12]" time="0.115" /><testcase classname="tests.test_l3_detail.TestL3DetailBasic" name="test_detail_field_count[\u5e93\u5b58\u79fb\u52a8-/api/stock-moves-True-True-8]" time="0.123" /><testcase classname="tests.test_l3_detail.TestL3DetailBasic" name="test_detail_field_count[\u7528\u6237\u7ba1\u7406-/api/users-False-True-8]" time="0.152" /><testcase classname="tests.test_l3_detail.TestL3DetailBasic" name="test_detail_field_count[\u89d2\u8272\u7ba1\u7406-/api/roles-True-True-6]" time="0.124" /><testcase classname="tests.test_l3_detail.TestL3DetailBasic" name="test_detail_field_count[\u9500\u552e\u5c97\u4f4d-/api/sales-positions-False-False-5]" time="0.116" /><testcase classname="tests.test_l3_detail.TestL3DetailBasic" name="test_detail_has_id[\u4ea7\u54c1\u7ba1\u7406-/api/products-False-True-10]" time="0.118" /><testcase classname="tests.test_l3_detail.TestL3DetailBasic" name="test_detail_has_id[\u4ea7\u54c1\u5206\u7c7b-/api/product-categories-False-False-5]" time="0.127" /><testcase classname="tests.test_l3_detail.TestL3DetailBasic" name="test_detail_has_id[\u7ecf\u9500\u5546\u7ba1\u7406-/api/dealers-False-True-10]" time="0.136" /><testcase classname="tests.test_l3_detail.TestL3DetailBasic" name="test_detail_has_id[\u4f9b\u5e94\u5546-/api/suppliers-False-True-8]" time="0.121" /><testcase classname="tests.test_l3_detail.TestL3DetailBasic" name="test_detail_has_id[\u4ed3\u5e93\u7ba1\u7406-/api/warehouses-False-False-6]" time="0.114" /><testcase classname="tests.test_l3_detail.TestL3DetailBasic" name="test_detail_has_id[\u533a\u57df\u7ba1\u7406-/api/regions-False-False-5]" time="0.117" /><testcase classname="tests.test_l3_detail.TestL3DetailBasic" name="test_detail_has_id[\u5408\u540c\u5de5\u4f5c\u53f0-/api/contracts-True-True-8]" time="0.111" /><testcase classname="tests.test_l3_detail.TestL3DetailBasic" name="test_detail_has_id[\u6388\u6743\u7ba1\u7406-/api/authorizations-True-True-10]" time="0.118" /><testcase classname="tests.test_l3_detail.TestL3DetailBasic" name="test_detail_has_id[\u9500\u552e\u8ba2\u5355-/api/sales-orders-True-True-10]" time="0.115" /><testcase classname="tests.test_l3_detail.TestL3DetailBasic" name="test_detail_has_id[\u91c7\u8d2d\u8ba2\u5355-/api/purchase-orders-True-True-10]" time="0.118" /><testcase classname="tests.test_l3_detail.TestL3DetailBasic" name="test_detail_has_id[\u4fc3\u9500\u89c4\u5219-/api/promotions-False-True-8]" time="0.111" /><testcase classname="tests.test_l3_detail.TestL3DetailBasic" name="test_detail_has_id[\u624b\u672f\u62a5\u53f0-/api/surgery-reports-True-True-8]" time="0.115" /><testcase classname="tests.test_l3_detail.TestL3DetailBasic" name="test_detail_has_id[\u6536\u8d27\u5165\u5e93-/api/receipts-True-True-12]" time="0.113" /><testcase classname="tests.test_l3_detail.TestL3DetailBasic" name="test_detail_has_id[\u9500\u552e\u51fa\u5e93-/api/sales-outs-True-True-12]" time="0.121" /><testcase classname="tests.test_l3_detail.TestL3DetailBasic" name="test_detail_has_id[\u5e93\u5b58\u79fb\u52a8-/api/stock-moves-True-True-8]" time="0.127" /><testcase classname="tests.test_l3_detail.TestL3DetailBasic" name="test_detail_has_id[\u7528\u6237\u7ba1\u7406-/api/users-False-True-8]" time="0.145" /><testcase classname="tests.test_l3_detail.TestL3DetailBasic" name="test_detail_has_id[\u89d2\u8272\u7ba1\u7406-/api/roles-True-True-6]" time="0.112" /><testcase classname="tests.test_l3_detail.TestL3DetailBasic" name="test_detail_has_id[\u9500\u552e\u5c97\u4f4d-/api/sales-positions-False-False-5]" time="0.111" /><testcase classname="tests.test_l3_detail.TestL3DetailListConsistency" name="test_list_detail_id_consistency[\u4ea7\u54c1\u7ba1\u7406-/api/products-False-True-10]" time="0.111" /><testcase classname="tests.test_l3_detail.TestL3DetailListConsistency" name="test_list_detail_id_consistency[\u4ea7\u54c1\u5206\u7c7b-/api/product-categories-False-False-5]" time="0.109" /><testcase classname="tests.test_l3_detail.TestL3DetailListConsistency" name="test_list_detail_id_consistency[\u7ecf\u9500\u5546\u7ba1\u7406-/api/dealers-False-True-10]" time="0.115" /><testcase classname="tests.test_l3_detail.TestL3DetailListConsistency" name="test_list_detail_id_consistency[\u4f9b\u5e94\u5546-/api/suppliers-False-True-8]" time="0.113" /><testcase classname="tests.test_l3_detail.TestL3DetailListConsistency" name="test_list_detail_id_consistency[\u4ed3\u5e93\u7ba1\u7406-/api/warehouses-False-False-6]" time="0.116" /><testcase classname="tests.test_l3_detail.TestL3DetailListConsistency" name="test_list_detail_id_consistency[\u533a\u57df\u7ba1\u7406-/api/regions-False-False-5]" time="0.110" /><testcase classname="tests.test_l3_detail.TestL3DetailListConsistency" name="test_list_detail_id_consistency[\u5408\u540c\u5de5\u4f5c\u53f0-/api/contracts-True-True-8]" time="0.117" /><testcase classname="tests.test_l3_detail.TestL3DetailListConsistency" name="test_list_detail_id_consistency[\u6388\u6743\u7ba1\u7406-/api/authorizations-True-True-10]" time="0.122" /><testcase classname="tests.test_l3_detail.TestL3DetailListConsistency" name="test_list_detail_id_consistency[\u9500\u552e\u8ba2\u5355-/api/sales-orders-True-True-10]" time="0.138" /><testcase classname="tests.test_l3_detail.TestL3DetailListConsistency" name="test_list_detail_id_consistency[\u91c7\u8d2d\u8ba2\u5355-/api/purchase-orders-True-True-10]" time="0.114" /><testcase classname="tests.test_l3_detail.TestL3DetailListConsistency" name="test_list_detail_id_consistency[\u4fc3\u9500\u89c4\u5219-/api/promotions-False-True-8]" time="0.109" /><testcase classname="tests.test_l3_detail.TestL3DetailListConsistency" name="test_list_detail_id_consistency[\u624b\u672f\u62a5\u53f0-/api/surgery-reports-True-True-8]" time="0.119" /><testcase classname="tests.test_l3_detail.TestL3DetailListConsistency" name="test_list_detail_id_consistency[\u6536\u8d27\u5165\u5e93-/api/receipts-True-True-12]" time="0.129" /><testcase classname="tests.test_l3_detail.TestL3DetailListConsistency" name="test_list_detail_id_consistency[\u9500\u552e\u51fa\u5e93-/api/sales-outs-True-True-12]" time="0.130" /><testcase classname="tests.test_l3_detail.TestL3DetailListConsistency" name="test_list_detail_id_consistency[\u5e93\u5b58\u79fb\u52a8-/api/stock-moves-True-True-8]" time="0.128" /><testcase classname="tests.test_l3_detail.TestL3DetailListConsistency" name="test_list_detail_id_consistency[\u7528\u6237\u7ba1\u7406-/api/users-False-True-8]" time="0.137" /><testcase classname="tests.test_l3_detail.TestL3DetailListConsistency" name="test_list_detail_id_consistency[\u89d2\u8272\u7ba1\u7406-/api/roles-True-True-6]" time="0.110" /><testcase classname="tests.test_l3_detail.TestL3DetailListConsistency" name="test_list_detail_id_consistency[\u9500\u552e\u5c97\u4f4d-/api/sales-positions-False-False-5]" time="0.125" /><testcase classname="tests.test_l3_detail.TestL3DetailListConsistency" name="test_detail_has_more_fields_than_list[\u4ea7\u54c1\u7ba1\u7406-/api/products-False-True-10]" time="0.116" /><testcase classname="tests.test_l3_detail.TestL3DetailListConsistency" name="test_detail_has_more_fields_than_list[\u4ea7\u54c1\u5206\u7c7b-/api/product-categories-False-False-5]" time="0.112" /><testcase classname="tests.test_l3_detail.TestL3DetailListConsistency" name="test_detail_has_more_fields_than_list[\u7ecf\u9500\u5546\u7ba1\u7406-/api/dealers-False-True-10]" time="0.112" /><testcase classname="tests.test_l3_detail.TestL3DetailListConsistency" name="test_detail_has_more_fields_than_list[\u4f9b\u5e94\u5546-/api/suppliers-False-True-8]" time="0.114" /><testcase classname="tests.test_l3_detail.TestL3DetailListConsistency" name="test_detail_has_more_fields_than_list[\u4ed3\u5e93\u7ba1\u7406-/api/warehouses-False-False-6]" time="0.121" /><testcase classname="tests.test_l3_detail.TestL3DetailListConsistency" name="test_detail_has_more_fields_than_list[\u533a\u57df\u7ba1\u7406-/api/regions-False-False-5]" time="0.119" /><testcase classname="tests.test_l3_detail.TestL3DetailListConsistency" name="test_detail_has_more_fields_than_list[\u5408\u540c\u5de5\u4f5c\u53f0-/api/contracts-True-True-8]" time="0.115" /><testcase classname="tests.test_l3_detail.TestL3DetailListConsistency" name="test_detail_has_more_fields_than_list[\u6388\u6743\u7ba1\u7406-/api/authorizations-True-True-10]" time="0.115" /><testcase classname="tests.test_l3_detail.TestL3DetailListConsistency" name="test_detail_has_more_fields_than_list[\u9500\u552e\u8ba2\u5355-/api/sales-orders-True-True-10]" time="0.117" /><testcase classname="tests.test_l3_detail.TestL3DetailListConsistency" name="test_detail_has_more_fields_than_list[\u91c7\u8d2d\u8ba2\u5355-/api/purchase-orders-True-True-10]" time="0.107" /><testcase classname="tests.test_l3_detail.TestL3DetailListConsistency" name="test_detail_has_more_fields_than_list[\u4fc3\u9500\u89c4\u5219-/api/promotions-False-True-8]" time="0.108" /><testcase classname="tests.test_l3_detail.TestL3DetailListConsistency" name="test_detail_has_more_fields_than_list[\u624b\u672f\u62a5\u53f0-/api/surgery-reports-True-True-8]" time="0.117" /><testcase classname="tests.test_l3_detail.TestL3DetailListConsistency" name="test_detail_has_more_fields_than_list[\u6536\u8d27\u5165\u5e93-/api/receipts-True-True-12]" time="0.127" /><testcase classname="tests.test_l3_detail.TestL3DetailListConsistency" name="test_detail_has_more_fields_than_list[\u9500\u552e\u51fa\u5e93-/api/sales-outs-True-True-12]" time="0.119" /><testcase classname="tests.test_l3_detail.TestL3DetailListConsistency" name="test_detail_has_more_fields_than_list[\u5e93\u5b58\u79fb\u52a8-/api/stock-moves-True-True-8]" time="0.120" /><testcase classname="tests.test_l3_detail.TestL3DetailListConsistency" name="test_detail_has_more_fields_than_list[\u7528\u6237\u7ba1\u7406-/api/users-False-True-8]" time="0.109" /><testcase classname="tests.test_l3_detail.TestL3DetailListConsistency" name="test_detail_has_more_fields_than_list[\u89d2\u8272\u7ba1\u7406-/api/roles-True-True-6]" time="0.124" /><testcase classname="tests.test_l3_detail.TestL3DetailListConsistency" name="test_detail_has_more_fields_than_list[\u9500\u552e\u5c97\u4f4d-/api/sales-positions-False-False-5]" time="0.114" /><testcase classname="tests.test_l3_detail.TestL3BusinessLines" name="test_sales_order_has_lines" time="0.110"><skipped type="pytest.xfail" message="BUG-015: 销售订单详情lines为空数组" /></testcase><testcase classname="tests.test_l3_detail.TestL3BusinessLines" name="test_purchase_order_has_lines" time="0.111"><skipped type="pytest.xfail" message="BUG-015: 采购订单详情lines为空数组" /></testcase><testcase classname="tests.test_l3_detail.TestL3BusinessLines" name="test_surgery_has_implant_lines" time="0.109" /><testcase classname="tests.test_l3_detail.TestL3BusinessLines" name="test_goods_receipt_has_lines" time="0.131" /><testcase classname="tests.test_l3_detail.TestL3BusinessLines" name="test_goods_issue_has_lines" time="0.114" /><testcase classname="tests.test_l3_detail.TestL3BusinessLines" name="test_stock_move_has_lines" time="0.126" /><testcase classname="tests.test_l3_detail.TestL3BusinessLines" name="test_authorization_has_product_lines" time="0.117"><skipped type="pytest.xfail" message="BUG-022: 授权详情无产品明细结构" /></testcase><testcase classname="tests.test_l3_detail.TestL3BusinessLines" name="test_contract_has_attachments" time="0.123" /><testcase classname="tests.test_l3_detail.TestL3OperationLogs" name="test_user_has_operation_log" time="0.002"><skipped type="pytest.skip" message="操作记录API未验证">C:\Users\vinkin.yx.yu\Desktop\DMSdoc\automation_test\tests\test_l3_detail.py:303: 操作记录API未验证</skipped></testcase><testcase classname="tests.test_l3_detail.TestL3OperationLogs" name="test_order_approval_log" time="0.117" /><testcase classname="tests.test_l4_interaction.TestL4ProductsCRUD" name="test_create_product" time="0.054"><skipped type="pytest.xfail" message="产品创建字段不匹配，待确认正确字段" /></testcase><testcase classname="tests.test_l4_interaction.TestL4ProductsCRUD" name="test_update_product" time="0.001"><skipped type="pytest.skip" message="未创建测试产品">C:\Users\vinkin.yx.yu\文件\05_其他\DMS\DMS\automation_test\tests\test_l4_interaction.py:67: 未创建测试产品</skipped></testcase><testcase classname="tests.test_l4_interaction.TestL4ProductsCRUD" name="test_delete_product" time="0.001"><skipped type="pytest.skip" message="未创建测试产品">C:\Users\vinkin.yx.yu\文件\05_其他\DMS\DMS\automation_test\tests\test_l4_interaction.py:86: 未创建测试产品</skipped></testcase><testcase classname="tests.test_l4_interaction.TestL4DealerCRUD" name="test_create_dealer" time="0.068"><skipped type="pytest.xfail" message="经销商创建返回code为编码而非业务码，待确认" /></testcase><testcase classname="tests.test_l4_interaction.TestL4DealerCRUD" name="test_delete_dealer" time="0.001" /><testcase classname="tests.test_l4_interaction.TestL4Validation" name="test_create_product_without_name" time="0.054" /><testcase classname="tests.test_l4_interaction.TestL4Validation" name="test_create_product_duplicate_code" time="0.122" /><testcase classname="tests.test_l4_interaction.TestL4WarehouseCRUD" name="test_create_warehouse" time="0.053"><skipped type="pytest.xfail" message="仓库创建字段不匹配，待确认正确字段" /></testcase><testcase classname="tests.test_l4_interaction.TestL4WarehouseCRUD" name="test_delete_warehouse" time="0.001" /><testcase classname="tests.test_l4_interaction.TestL4PromotionCRUD" name="test_create_promotion" time="0.051"><skipped type="pytest.xfail" message="促销创建字段不匹配，待确认正确字段" /></testcase><testcase classname="tests.test_l4_interaction.TestL4PromotionCRUD" name="test_delete_promotion" time="0.001" /><testcase classname="tests.test_l4_interaction.TestL4CategoryCRUD" name="test_create_category" time="0.056"><skipped type="pytest.xfail" message="分类创建返回500，待确认正确字段" /></testcase><testcase classname="tests.test_l4_interaction.TestL4CategoryCRUD" name="test_delete_category" time="0.001" /><testcase classname="tests.test_l5_link.TestL5ProductInventoryLink" name="test_inventory_products_match_product_master" time="0.122" /><testcase classname="tests.test_l5_link.TestL5ProductInventoryLink" name="test_inventory_has_batch_info" time="0.076" /><testcase classname="tests.test_l5_link.TestL5DealerOrderLink" name="test_order_dealer_exists_in_dealer_master" time="0.113" /><testcase classname="tests.test_l5_link.TestL5DealerOrderLink" name="test_order_total_amount_calculation" time="0.121"><skipped type="pytest.xfail" message="BUG-015: 订单lines为空，无法验证金额计算" /></testcase><testcase classname="tests.test_l5_link.TestL5ReceiptInventoryLink" name="test_receipt_products_exist_in_inventory" time="0.264" /><testcase classname="tests.test_l5_link.TestL5UserRolePermissionLink" name="test_user_has_roles" time="0.131" /><testcase classname="tests.test_l5_link.TestL5UserRolePermissionLink" name="test_role_has_permissions" time="0.104"><skipped type="pytest.xfail" message="角色详情无权限/菜单字段，需单独权限API查询" /></testcase><testcase classname="tests.test_l5_link.TestL5UserRolePermissionLink" name="test_user_permissions_match_roles" time="0.064" /><testcase classname="tests.test_l5_link.TestL5DashboardData" name="test_dashboard_order_count_matches" time="0.066" /><testcase classname="tests.test_l5_link.TestL5NotificationTrigger" name="test_create_notification_and_mark_read" time="0.111" /><testcase classname="tests.test_l5_link.TestL5ReportDataSource" name="test_sales_ranking_data_source" time="0.063" /><testcase classname="tests.test_login.TestLoginAuth" name="test_biz_admin_login_smoke" time="0.195" /><testcase classname="tests.test_login.TestLoginAuth" name="test_platform_admin_login_smoke" time="0.168" /><testcase classname="tests.test_login.TestLoginAuth" name="test_login_wrong_password_negative" time="0.172" /><testcase classname="tests.test_login.TestLoginAuth" name="test_login_nonexistent_user_negative" time="0.108" /><testcase classname="tests.test_login.TestLoginAuth" name="test_login_empty_username_negative" time="0.075" /><testcase classname="tests.test_login.TestLoginAuth" name="test_login_empty_password_negative" time="0.104" /><testcase classname="tests.test_login.TestLoginAuth" name="test_login_multi_tenant_api" time="0.167" /><testcase classname="tests.test_login.TestLoginAuth" name="test_repeat_login_api" time="0.346" /><testcase classname="tests.test_login.TestLoginAuth" name="test_multi_role_login_api" time="0.712" /><testcase classname="tests.test_login.TestWorkbenchUi" name="test_biz_get_user_info_api" time="0.057" /><testcase classname="tests.test_login.TestWorkbenchUi" name="test_platform_get_user_info_api" time="0.057" /><testcase classname="tests.test_login.TestWorkbenchUi" name="test_ui_layout_api" time="0.052" /><testcase classname="tests.test_login.TestWorkbenchUi" name="test_current_user_permissions_api" time="0.064" /><testcase classname="tests.test_login.TestTokenIsolation" name="test_no_token_access_protected_security" time="0.101" /><testcase classname="tests.test_login.TestTokenIsolation" name="test_biz_token_access_platform_security" time="0.040" /><testcase classname="tests.test_login.TestTokenIsolation" name="test_platform_token_access_biz_security" time="0.062" /><testcase classname="tests.test_login.TestTokenIsolation" name="test_platform_token_call_biz_me_security" time="0.056" /><testcase classname="tests.test_login.TestTokenIsolation" name="test_biz_token_call_platform_me_security" time="0.043" /><testcase classname="tests.test_mobile_h5.TestMobileHome" name="test_mobile_user_info" time="0.227" /><testcase classname="tests.test_mobile_h5.TestMobileHome" name="test_mobile_notifications_unread" time="0.048" /><testcase classname="tests.test_mobile_h5.TestMobileHome" name="test_mobile_sales_order_list" time="0.057" /><testcase classname="tests.test_mobile_h5.TestMobileHome" name="test_mobile_menu_layout" time="0.049" /><testcase classname="tests.test_mobile_h5.TestMobileOrders" name="test_mobile_sales_orders_status_filter" time="0.207" /><testcase classname="tests.test_mobile_h5.TestMobileOrders" name="test_mobile_purchase_orders" time="0.055" /><testcase classname="tests.test_mobile_h5.TestMobileOrders" name="test_mobile_order_detail" time="0.106" /><testcase classname="tests.test_mobile_h5.TestMobileOrders" name="test_mobile_order_create_basic" time="0.055" /><testcase classname="tests.test_mobile_h5.TestMobileSurgery" name="test_mobile_surgery_report_list" time="0.046" /><testcase classname="tests.test_mobile_h5.TestMobileSurgery" name="test_mobile_surgery_hospital_list" time="0.051" /><testcase classname="tests.test_mobile_h5.TestMobileSurgery" name="test_mobile_inventory_query" time="0.064" /><testcase classname="tests.test_mobile_h5.TestMobileSurgery" name="test_mobile_product_list_for_surgery" time="0.051" /><testcase classname="tests.test_mobile_h5.TestMobileMine" name="test_mobile_profile" time="0.052" /><testcase classname="tests.test_mobile_h5.TestMobileMine" name="test_mobile_change_password_available" time="0.125" /><testcase classname="tests.test_mobile_h5.TestMobileMine" name="test_mobile_my_approvals" time="0.057" /><testcase classname="tests.test_mobile_h5.TestMobileMine" name="test_mobile_logout_available" time="0.048" /><testcase classname="tests.test_mobile_h5.TestMobileApprovals" name="test_mobile_pending_approvals" time="0.051" /><testcase classname="tests.test_mobile_h5.TestMobileApprovals" name="test_mobile_approval_detail" time="0.109" /><testcase classname="tests.test_mobile_h5.TestMobileApprovals" name="test_mobile_approval_action_available" time="0.055" /><testcase classname="tests.test_p0_features.TestNotifications" name="test_notification_list_smoke" time="0.061" /><testcase classname="tests.test_p0_features.TestNotifications" name="test_notification_pagination" time="0.109" /><testcase classname="tests.test_p0_features.TestNotifications" name="test_notification_fields_complete" time="0.062" /><testcase classname="tests.test_p0_features.TestNotifications" name="test_notification_filter_by_unread" time="0.051" /><testcase classname="tests.test_p0_features.TestNotifications" name="test_notification_filter_by_read" time="0.059" /><testcase classname="tests.test_p0_features.TestNotifications" name="test_notification_filter_by_category" time="0.052" /><testcase classname="tests.test_p0_features.TestNotifications" name="test_notification_unread_count" time="0.056" /><testcase classname="tests.test_p0_features.TestNotifications" name="test_notification_mark_all_read" time="0.102" /><testcase classname="tests.test_p0_features.TestNotifications" name="test_notification_approval_type_exists" time="0.053" /><testcase classname="tests.test_p0_features.TestNotifications" name="test_notification_requires_auth" time="0.072" /><testcase classname="tests.test_p0_features.TestLoginLogs" name="test_login_log_list_smoke" time="0.180" /><testcase classname="tests.test_p0_features.TestLoginLogs" name="test_login_log_fields_complete" time="0.156" /><testcase classname="tests.test_p0_features.TestLoginLogs" name="test_login_log_success_record" time="0.170" /><testcase classname="tests.test_p0_features.TestLoginLogs" name="test_login_log_fail_record" time="0.152" /><testcase classname="tests.test_p0_features.TestLoginLogs" name="test_login_log_pagination" time="0.224" /><testcase classname="tests.test_p0_features.TestLoginLogs" name="test_login_log_ordered_by_time_desc" time="0.148" /><testcase classname="tests.test_p0_features.TestLoginLogs" name="test_login_log_requires_auth" time="0.161" /><testcase classname="tests.test_p0_features.TestLoginLogs" name="test_login_log_record_generated_after_login" time="0.456" /><testcase classname="tests.test_p0_features.TestApprovalSummary" name="test_approval_summary_api_exists" time="0.115" /><testcase classname="tests.test_p0_features.TestApprovalSummary" name="test_approval_summary_has_biz_info" time="0.130" /><testcase classname="tests.test_p0_features.TestApprovalSummary" name="test_approval_summary_has_product_list" time="0.112" /><testcase classname="tests.test_p0_features.TestApprovalSummary" name="test_approval_summary_has_approval_record" time="0.121" /><testcase classname="tests.test_p2_features.TestMfa" name="test_mfa_full_lifecycle" time="0.874" /><testcase classname="tests.test_p2_features.TestMfa" name="test_mfa_setup_requires_auth" time="0.076" /><testcase classname="tests.test_p2_features.TestRateLimit" name="test_zz_login_burst_eventually_rate_limited" time="4.150" /><testcase classname="tests.test_p2_features.TestStocktake" name="test_stocktake_list_and_detail" time="0.120"><error message="failed on setup with &quot;AssertionError: admin login failed: 登录过于频繁，请稍后再试&#10;assert False&#10; +  where False = &lt;utils.api_client.ApiResponse object at 0x0000020802F7D840&gt;.is_success&quot;">tests\test_p2_features.py:37: in admin
    assert resp.is_success, f"admin login failed: {resp.msg}"
E   AssertionError: admin login failed: 登录过于频繁，请稍后再试
E   assert False
E    +  where False = &lt;utils.api_client.ApiResponse object at 0x0000020802F7D840&gt;.is_success</error></testcase><testcase classname="tests.test_p2_features.TestReportSubscription" name="test_subscription_crud_toggle_runnow" time="0.002"><error message="failed on setup with &quot;AssertionError: admin login failed: 登录过于频繁，请稍后再试&#10;assert False&#10; +  where False = &lt;utils.api_client.ApiResponse object at 0x0000020802F7D840&gt;.is_success&quot;">tests\test_p2_features.py:37: in admin
    assert resp.is_success, f"admin login failed: {resp.msg}"
E   AssertionError: admin login failed: 登录过于频繁，请稍后再试
E   assert False
E    +  where False = &lt;utils.api_client.ApiResponse object at 0x0000020802F7D840&gt;.is_success</error></testcase><testcase classname="tests.test_p2_features.TestExpiryAlerts" name="test_expiry_alerts_and_summary" time="0.001"><error message="failed on setup with &quot;AssertionError: admin login failed: 登录过于频繁，请稍后再试&#10;assert False&#10; +  where False = &lt;utils.api_client.ApiResponse object at 0x0000020802F7D840&gt;.is_success&quot;">tests\test_p2_features.py:37: in admin
    assert resp.is_success, f"admin login failed: {resp.msg}"
E   AssertionError: admin login failed: 登录过于频繁，请稍后再试
E   assert False
E    +  where False = &lt;utils.api_client.ApiResponse object at 0x0000020802F7D840&gt;.is_success</error></testcase><testcase classname="tests.test_p2_features.TestTraceability" name="test_traceability_endpoint_available" time="0.001"><error message="failed on setup with &quot;AssertionError: admin login failed: 登录过于频繁，请稍后再试&#10;assert False&#10; +  where False = &lt;utils.api_client.ApiResponse object at 0x0000020802F7D840&gt;.is_success&quot;">tests\test_p2_features.py:37: in admin
    assert resp.is_success, f"admin login failed: {resp.msg}"
E   AssertionError: admin login failed: 登录过于频繁，请稍后再试
E   assert False
E    +  where False = &lt;utils.api_client.ApiResponse object at 0x0000020802F7D840&gt;.is_success</error></testcase><testcase classname="tests.test_permissions" name="test_account_list" time="0.080" /><testcase classname="tests.test_permissions" name="test_account_create" time="0.062" /><testcase classname="tests.test_permissions" name="test_account_create_duplicate_username" time="0.059"><skipped type="pytest.skip" message="前置账号创建失败，跳过重复用户名测试">C:\Users\vinkin.yx.yu\文件\05_其他\DMS\DMS\automation_test\tests\test_permissions.py:77: 前置账号创建失败，跳过重复用户名测试</skipped></testcase><testcase classname="tests.test_permissions" name="test_account_create_empty_username" time="0.057" /><testcase classname="tests.test_permissions" name="test_account_query_detail" time="0.061"><skipped type="pytest.skip" message="前置账号创建失败，跳过详情查询测试">C:\Users\vinkin.yx.yu\文件\05_其他\DMS\DMS\automation_test\tests\test_permissions.py:119: 前置账号创建失败，跳过详情查询测试</skipped></testcase><testcase classname="tests.test_permissions" name="test_account_update" time="0.070"><skipped type="pytest.skip" message="前置账号创建失败，跳过更新测试">C:\Users\vinkin.yx.yu\文件\05_其他\DMS\DMS\automation_test\tests\test_permissions.py:149: 前置账号创建失败，跳过更新测试</skipped></testcase><testcase classname="tests.test_permissions" name="test_account_delete" time="0.066"><skipped type="pytest.skip" message="前置账号创建失败，跳过删除测试">C:\Users\vinkin.yx.yu\文件\05_其他\DMS\DMS\automation_test\tests\test_permissions.py:179: 前置账号创建失败，跳过删除测试</skipped></testcase><testcase classname="tests.test_permissions" name="test_role_list" time="0.068" /><testcase classname="tests.test_permissions" name="test_role_create" time="0.128" /><testcase classname="tests.test_permissions" name="test_role_permission_config" time="0.201" /><testcase classname="tests.test_permissions" name="test_sales_position_list" time="0.052" /><testcase classname="tests.test_permissions" name="test_sales_position_create" time="0.107" /><testcase classname="tests.test_permissions" name="test_current_user_permissions" time="0.065" /><testcase classname="tests.test_permissions" name="test_ui_layout" time="0.064" /><testcase classname="tests.test_permissions" name="test_sales_role_account_access_denied" time="0.072" /><testcase classname="tests.test_platform.TestPlatform" name="test_tenant_list_smoke" time="0.062" /><testcase classname="tests.test_platform.TestPlatform" name="test_tenant_filter_by_status_api" time="0.068" /><testcase classname="tests.test_platform.TestPlatform" name="test_tenant_search_by_keyword_api" time="0.067" /><testcase classname="tests.test_platform.TestPlatform" name="test_tenant_create_crud" time="0.189" /><testcase classname="tests.test_platform.TestPlatform" name="test_tenant_detail_crud" time="0.254" /><testcase classname="tests.test_platform.TestPlatform" name="test_tenant_update_crud" time="0.248" /><testcase classname="tests.test_platform.TestPlatform" name="test_tenant_deactivate_api" time="0.241" /><testcase classname="tests.test_platform.TestPlatform" name="test_tenant_delete_crud" time="0.177" /><testcase classname="tests.test_platform.TestPlatform" name="test_admin_user_list_smoke" time="0.058" /><testcase classname="tests.test_platform.TestPlatform" name="test_dict_type_list_api" time="0.058" /><testcase classname="tests.test_platform.TestPlatform" name="test_dict_type_create_crud" time="0.177" /><testcase classname="tests.test_platform.TestPlatform" name="test_dict_item_list_api" time="0.079" /><testcase classname="tests.test_platform.TestPlatform" name="test_menu_list_api" time="0.063" /><testcase classname="tests.test_platform.TestPlatform" name="test_audit_log_list_smoke" time="0.064" /><testcase classname="tests.test_platform.TestPlatform" name="test_login_log_list_api" time="0.131" /><testcase classname="tests.test_platform.TestPlatform" name="test_api_log_list_api" time="0.069" /><testcase classname="tests.test_platform.TestPlatform" name="test_tenant_binding_list_api" time="0.064" /><testcase classname="tests.test_platform.TestPlatform" name="test_biz_token_access_platform_security" time="0.044" /><testcase classname="tests.test_platform_logs.TestPlatformApiLogs" name="test_api_log_list_smoke" time="0.063" /><testcase classname="tests.test_platform_logs.TestPlatformApiLogs" name="test_api_log_fields_complete" time="0.063" /><testcase classname="tests.test_platform_logs.TestPlatformApiLogs" name="test_api_log_chinese_not_garbled" time="0.064" /><testcase classname="tests.test_platform_logs.TestPlatformApiLogs" name="test_api_log_pagination" time="0.138" /><testcase classname="tests.test_platform_logs.TestPlatformApiLogs" name="test_api_log_filter_by_method" time="0.135" /><testcase classname="tests.test_platform_logs.TestPlatformApiLogs" name="test_api_log_filter_by_status" time="0.074" /><testcase classname="tests.test_platform_logs.TestPlatformApiLogs" name="test_api_log_sorted_by_time_desc" time="0.065" /><testcase classname="tests.test_platform_logs.TestPlatformApiLogs" name="test_api_log_requires_platform_auth" time="0.041" /><testcase classname="tests.test_platform_logs.TestPlatformAuditLogs" name="test_audit_log_list_smoke" time="0.069" /><testcase classname="tests.test_platform_logs.TestPlatformAuditLogs" name="test_audit_log_fields_complete" time="0.064" /><testcase classname="tests.test_platform_logs.TestPlatformAuditLogs" name="test_audit_log_pagination" time="0.063" /><testcase classname="tests.test_platform_logs.TestPlatformAuditLogs" name="test_audit_log_filter_by_module" time="0.061" /><testcase classname="tests.test_platform_logs.TestPlatformAuditLogs" name="test_audit_log_filter_by_operator" time="0.064" /><testcase classname="tests.test_platform_logs.TestPlatformAuditLogs" name="test_audit_log_not_deletable" time="0.061" /><testcase classname="tests.test_platform_logs.TestPlatformAuditLogs" name="test_audit_log_requires_platform_auth" time="0.043" /><testcase classname="tests.test_platform_logs.TestPlatformLoginLogs" name="test_admin_login_log_list" time="0.162" /><testcase classname="tests.test_platform_logs.TestPlatformLoginLogs" name="test_admin_login_log_tenant_filter" time="0.187" /><testcase classname="tests.test_products" name="test_product_list_query" time="0.068" /><testcase classname="tests.test_products" name="test_product_pagination" time="0.061" /><testcase classname="tests.test_products" name="test_product_search_by_keyword" time="0.067" /><testcase classname="tests.test_products" name="test_product_filter_by_status" time="0.067" /><testcase classname="tests.test_products" name="test_product_filter_by_category" time="0.116" /><testcase classname="tests.test_products" name="test_product_detail_query" time="0.062" /><testcase classname="tests.test_products" name="test_product_create" time="0.166" /><testcase classname="tests.test_products" name="test_product_create_missing_required" time="0.061" /><testcase classname="tests.test_products" name="test_product_create_duplicate_code" time="0.123" /><testcase classname="tests.test_products" name="test_product_update" time="0.244" /><testcase classname="tests.test_products" name="test_product_switch_status" time="0.187" /><testcase classname="tests.test_products" name="test_product_delete" time="0.178" /><testcase classname="tests.test_products" name="test_product_export" time="0.472" /><testcase classname="tests.test_products" name="test_product_list_sort" time="0.062" /><testcase classname="tests.test_promotions.TestPromotionQuery" name="test_promotion_list_smoke" time="0.064" /><testcase classname="tests.test_promotions.TestPromotionQuery" name="test_promotion_filter_by_status_api" time="0.066" /><testcase classname="tests.test_promotions.TestPromotionQuery" name="test_promotion_filter_by_date_api" time="0.061" /><testcase classname="tests.test_promotions.TestPromotionCrud" name="test_create_promotion_crud" time="0.058"><skipped type="pytest.skip" message="创建促销活动失败: 400 非法的 promoType">C:\Users\vinkin.yx.yu\Desktop\DMSdoc\automation_test\tests\test_promotions.py:98: 创建促销活动失败: 400 非法的 promoType</skipped></testcase><testcase classname="tests.test_promotions.TestPromotionCrud" name="test_create_promotion_no_name_negative" time="0.054" /><testcase classname="tests.test_promotions.TestPromotionCrud" name="test_query_promotion_detail_crud" time="0.053"><skipped type="pytest.skip" message="创建促销活动（前置）失败: 400 非法的 promoType">C:\Users\vinkin.yx.yu\Desktop\DMSdoc\automation_test\tests\test_promotions.py:47: 创建促销活动（前置）失败: 400 非法的 promoType</skipped></testcase><testcase classname="tests.test_promotions.TestPromotionCrud" name="test_update_promotion_crud" time="0.055"><skipped type="pytest.skip" message="创建促销活动（前置）失败: 400 非法的 promoType">C:\Users\vinkin.yx.yu\Desktop\DMSdoc\automation_test\tests\test_promotions.py:47: 创建促销活动（前置）失败: 400 非法的 promoType</skipped></testcase><testcase classname="tests.test_promotions.TestPromotionCrud" name="test_activate_promotion_api" time="0.056"><skipped type="pytest.skip" message="创建促销活动（前置）失败: 400 非法的 promoType">C:\Users\vinkin.yx.yu\Desktop\DMSdoc\automation_test\tests\test_promotions.py:47: 创建促销活动（前置）失败: 400 非法的 promoType</skipped></testcase><testcase classname="tests.test_promotions.TestPromotionCrud" name="test_deactivate_promotion_api" time="0.053"><skipped type="pytest.skip" message="创建促销活动（前置）失败: 400 非法的 promoType">C:\Users\vinkin.yx.yu\Desktop\DMSdoc\automation_test\tests\test_promotions.py:47: 创建促销活动（前置）失败: 400 非法的 promoType</skipped></testcase><testcase classname="tests.test_promotions.TestPromotionCrud" name="test_delete_promotion_crud" time="0.054"><skipped type="pytest.skip" message="创建促销活动（前置）失败: 400 非法的 promoType">C:\Users\vinkin.yx.yu\Desktop\DMSdoc\automation_test\tests\test_promotions.py:47: 创建促销活动（前置）失败: 400 非法的 promoType</skipped></testcase><testcase classname="tests.test_purchase_orders" name="test_purchase_order_list" time="0.054" /><testcase classname="tests.test_purchase_orders" name="test_purchase_order_filter_by_status" time="0.057" /><testcase classname="tests.test_purchase_orders" name="test_create_purchase_order" time="0.123" /><testcase classname="tests.test_purchase_orders" name="test_create_purchase_order_no_supplier" time="0.126"><skipped type="pytest.skip" message="后端一期未校验supplierId非空，已清理创建的订单">C:\Users\vinkin.yx.yu\文件\05_其他\DMS\DMS\automation_test\tests\test_purchase_orders.py:91: 后端一期未校验supplierId非空，已清理创建的订单</skipped></testcase><testcase classname="tests.test_purchase_orders" name="test_create_purchase_order_no_items" time="0.116"><skipped type="pytest.skip" message="后端一期未校验items非空，已清理创建的订单">C:\Users\vinkin.yx.yu\文件\05_其他\DMS\DMS\automation_test\tests\test_purchase_orders.py:113: 后端一期未校验items非空，已清理创建的订单</skipped></testcase><testcase classname="tests.test_purchase_orders" name="test_get_purchase_order_detail" time="0.113" /><testcase classname="tests.test_purchase_orders" name="test_update_purchase_order" time="0.059" /><testcase classname="tests.test_purchase_orders" name="test_purchase_order_submit" time="0.293" /><testcase classname="tests.test_purchase_orders" name="test_delete_purchase_order_draft" time="0.117" /><testcase classname="tests.test_purchase_orders" name="test_purchase_return_list" time="0.055" /><testcase classname="tests.test_purchase_orders" name="test_create_purchase_return" time="0.232" /><testcase classname="tests.test_reports" name="test_order_trace_report" time="0.071" /><testcase classname="tests.test_reports" name="test_sales_rank_report" time="0.064" /><testcase classname="tests.test_reports" name="test_top_products_report" time="0.055"><skipped type="pytest.skip" message="该报表接口一期未实现">C:\Users\vinkin.yx.yu\文件\05_其他\DMS\DMS\automation_test\tests\test_reports.py:59: 该报表接口一期未实现</skipped></testcase><testcase classname="tests.test_reports" name="test_inventory_turnover_report" time="0.072" /><testcase classname="tests.test_reports" name="test_surgery_stat_report" time="0.068"><skipped type="pytest.skip" message="该报表接口一期未实现">C:\Users\vinkin.yx.yu\文件\05_其他\DMS\DMS\automation_test\tests\test_reports.py:81: 该报表接口一期未实现</skipped></testcase><testcase classname="tests.test_reports" name="test_accounts_receivable_report" time="0.055"><skipped type="pytest.skip" message="该报表接口一期未实现">C:\Users\vinkin.yx.yu\文件\05_其他\DMS\DMS\automation_test\tests\test_reports.py:92: 该报表接口一期未实现</skipped></testcase><testcase classname="tests.test_reports" name="test_sales_rank_by_month" time="0.062" /><testcase classname="tests.test_reports" name="test_sales_rank_by_quarter" time="0.063" /><testcase classname="tests.test_reports" name="test_order_trace_filter_by_dealer" time="0.064" /><testcase classname="tests.test_reports" name="test_sales_rank_export" time="0.057"><skipped type="pytest.skip" message="报表导出接口一期未实现">C:\Users\vinkin.yx.yu\文件\05_其他\DMS\DMS\automation_test\tests\test_reports.py:140: 报表导出接口一期未实现</skipped></testcase><testcase classname="tests.test_reports" name="test_report_invalid_date_range" time="0.056" /><testcase classname="tests.test_reports" name="test_sales_role_view_report" time="0.055" /><testcase classname="tests.test_sales_orders" name="test_sales_order_list" time="0.059" /><testcase classname="tests.test_sales_orders" name="test_sales_order_filter_by_status" time="0.062" /><testcase classname="tests.test_sales_orders" name="test_sales_order_filter_by_dealer" time="0.061" /><testcase classname="tests.test_sales_orders" name="test_sales_order_search_by_keyword" time="0.063" /><testcase classname="tests.test_sales_orders" name="test_create_sales_order" time="0.119" /><testcase classname="tests.test_sales_orders" name="test_create_sales_order_no_items" time="0.116"><skipped type="pytest.skip" message="后端一期未校验items非空，已清理创建的订单">C:\Users\vinkin.yx.yu\文件\05_其他\DMS\DMS\automation_test\tests\test_sales_orders.py:104: 后端一期未校验items非空，已清理创建的订单</skipped></testcase><testcase classname="tests.test_sales_orders" name="test_create_sales_order_no_dealer" time="0.052" /><testcase classname="tests.test_sales_orders" name="test_get_sales_order_detail" time="0.117" /><testcase classname="tests.test_sales_orders" name="test_update_sales_order" time="0.065" /><testcase classname="tests.test_sales_orders" name="test_sales_order_submit" time="0.188" /><testcase classname="tests.test_sales_orders" name="test_delete_sales_order_draft" time="0.119" /><testcase classname="tests.test_sales_orders" name="test_sales_return_list" time="0.055" /><testcase classname="tests.test_sales_orders" name="test_create_sales_return" time="0.223" /><testcase classname="tests.test_security.TestSecurity" name="test_no_token_access_business_api" time="0.105" /><testcase classname="tests.test_security.TestSecurity" name="test_no_token_access_platform_api" time="0.073" /><testcase classname="tests.test_security.TestSecurity" name="test_business_token_access_platform_api" time="0.044" /><testcase classname="tests.test_security.TestSecurity" name="test_platform_token_access_business_api" time="0.064" /><testcase classname="tests.test_security.TestSecurity" name="test_invalid_token_access" time="0.119" /><testcase classname="tests.test_security.TestSecurity" name="test_tampered_token_access" time="0.094" /><testcase classname="tests.test_security.TestSecurity" name="test_sql_injection_login" time="0.090" /><testcase classname="tests.test_security.TestSecurity" name="test_sql_injection_query_param" time="0.054" /><testcase classname="tests.test_security.TestSecurity" name="test_xss_product_create" time="0.058" /><testcase classname="tests.test_security.TestSecurity" name="test_xss_query_param" time="0.059" /><testcase classname="tests.test_security.TestSecurity" name="test_permission_sales_access_accounts" time="0.077" /><testcase classname="tests.test_security.TestSecurity" name="test_permission_sales_access_report_ar" time="0.059" /><testcase classname="tests.test_security.TestSecurity" name="test_cross_tenant_dealer_a1_cannot_see_a2" time="0.102"><skipped type="pytest.skip" message="多租户账号dealer_a1_admin不可用（登录失败），跳过跨租户隔离测试">C:\Users\vinkin.yx.yu\文件\05_其他\DMS\DMS\automation_test\tests\test_security.py:152: 多租户账号dealer_a1_admin不可用（登录失败），跳过跨租户隔离测试</skipped></testcase><testcase classname="tests.test_security.TestSecurity" name="test_cross_tenant_mfr_a_products_access" time="0.075"><skipped type="pytest.skip" message="多租户账号mfr_a_admin不可用（登录失败），跳过跨租户隔离测试">C:\Users\vinkin.yx.yu\文件\05_其他\DMS\DMS\automation_test\tests\test_security.py:152: 多租户账号mfr_a_admin不可用（登录失败），跳过跨租户隔离测试</skipped></testcase><testcase classname="tests.test_security.TestSecurity" name="test_privilege_escalation_dealer_cannot_see_mfr_product" time="0.107"><error message="failed on setup with &quot;AssertionError: dealer_admin登录失败: {'code': 42901, 'message': '登录过于频繁，请稍后再试', 'requestId': 'd7aae39057064aad881cadbf36d7c5ae'}&#10;assert ''&quot;">..\..\..\..\..\Desktop\DMSdoc\automation_test\conftest.py:124: in dealer_client
    assert token, f"dealer_admin登录失败: {resp.data}"
E   AssertionError: dealer_admin登录失败: {'code': 42901, 'message': '登录过于频繁，请稍后再试', 'requestId': 'd7aae39057064aad881cadbf36d7c5ae'}
E   assert ''</error></testcase><testcase classname="tests.test_security.TestSecurity" name="test_platform_token_call_business_me" time="0.055" /><testcase classname="tests.test_security.TestSecurity" name="test_business_token_call_platform_me" time="0.042" /><testcase classname="tests.test_security_advanced.TestDataMasking" name="test_user_list_phone_masked" time="0.082" /><testcase classname="tests.test_security_advanced.TestDataMasking" name="test_user_list_email_masked" time="0.084" /><testcase classname="tests.test_security_advanced.TestDataMasking" name="test_sales_role_sees_masked_data" time="0.079" /><testcase classname="tests.test_security_advanced.TestSqlInjection" name="test_search_sql_injection_single_quote" time="0.060" /><testcase classname="tests.test_security_advanced.TestSqlInjection" name="test_search_sql_injection_union" time="0.062" /><testcase classname="tests.test_security_advanced.TestSqlInjection" name="test_search_sql_injection_drop_table" time="0.115" /><testcase classname="tests.test_security_advanced.TestSqlInjection" name="test_id_sql_injection_numeric" time="0.053" /><testcase classname="tests.test_security_advanced.TestSqlInjection" name="test_order_by_sql_injection" time="0.070" /><testcase classname="tests.test_security_advanced.TestSqlInjection" name="test_sql_injection_special_chars" time="0.214" /><testcase classname="tests.test_security_advanced.TestXssProtection" name="test_xss_script_tag_in_product_name" time="0.070" /><testcase classname="tests.test_security_advanced.TestXssProtection" name="test_xss_img_onerror" time="0.070" /><testcase classname="tests.test_security_advanced.TestXssProtection" name="test_xss_svg_onload" time="0.071" /><testcase classname="tests.test_security_advanced.TestXssProtection" name="test_xss_search_reflected" time="0.055" /><testcase classname="tests.test_security_advanced.TestPasswordSecurity" name="test_password_too_short_rejected" time="0.096" /><testcase classname="tests.test_security_advanced.TestPasswordSecurity" name="test_password_simple_number_rejected" time="0.002" /><testcase classname="tests.test_security_advanced.TestPasswordSecurity" name="test_password_same_as_username_rejected" time="0.140" /><testcase classname="tests.test_security_advanced.TestHorizontalPrivilege" name="test_sales_cannot_view_dealer_data" time="0.051" /><testcase classname="tests.test_security_advanced.TestHorizontalPrivilege" name="test_dealer_cannot_view_other_dealer_orders" time="0.001"><error message="failed on setup with &quot;AssertionError: dealer_admin登录失败: {'code': 42901, 'message': '登录过于频繁，请稍后再试', 'requestId': 'd7aae39057064aad881cadbf36d7c5ae'}&#10;assert ''&quot;">..\..\..\..\..\Desktop\DMSdoc\automation_test\conftest.py:124: in dealer_client
    assert token, f"dealer_admin登录失败: {resp.data}"
E   AssertionError: dealer_admin登录失败: {'code': 42901, 'message': '登录过于频繁，请稍后再试', 'requestId': 'd7aae39057064aad881cadbf36d7c5ae'}
E   assert ''</error></testcase><testcase classname="tests.test_security_advanced.TestVerticalPrivilege" name="test_sales_cannot_create_product" time="0.057"><skipped type="pytest.xfail" message="已知权限配置问题：销售角色可创建产品" /></testcase><testcase classname="tests.test_security_advanced.TestVerticalPrivilege" name="test_sales_cannot_create_user" time="0.131"><skipped type="pytest.xfail" message="已知权限配置问题：销售角色可创建用户" /></testcase><testcase classname="tests.test_security_advanced.TestVerticalPrivilege" name="test_biz_token_cannot_access_admin_api" time="0.041" /><testcase classname="tests.test_security_advanced.TestVerticalPrivilege" name="test_invalid_token_rejected" time="0.106" /><testcase classname="tests.test_security_advanced.TestVerticalPrivilege" name="test_expired_token_rejected" time="0.080" /><testcase classname="tests.test_surgery.TestSurgeryQuery" name="test_surgery_list_smoke" time="0.055" /><testcase classname="tests.test_surgery.TestSurgeryQuery" name="test_surgery_filter_by_hospital_api" time="0.055" /><testcase classname="tests.test_surgery.TestSurgeryQuery" name="test_surgery_filter_by_date_range_api" time="0.069" /><testcase classname="tests.test_surgery.TestSurgeryQuery" name="test_surgery_filter_by_status_api" time="0.057" /><testcase classname="tests.test_surgery.TestSurgeryCrud" name="test_create_surgery_crud" time="0.052"><skipped type="pytest.skip" message="创建手术报台失败: 400 终端医院必填">C:\Users\vinkin.yx.yu\Desktop\DMSdoc\automation_test\tests\test_surgery.py:115: 创建手术报台失败: 400 终端医院必填</skipped></testcase><testcase classname="tests.test_surgery.TestSurgeryCrud" name="test_create_surgery_no_hospital_negative" time="0.054" /><testcase classname="tests.test_surgery.TestSurgeryCrud" name="test_query_surgery_detail_crud" time="0.054"><skipped type="pytest.skip" message="创建手术报台（前置）失败: 400 终端医院必填">C:\Users\vinkin.yx.yu\Desktop\DMSdoc\automation_test\tests\test_surgery.py:48: 创建手术报台（前置）失败: 400 终端医院必填</skipped></testcase><testcase classname="tests.test_surgery.TestSurgeryCrud" name="test_update_surgery_crud" time="0.057"><skipped type="pytest.skip" message="创建手术报台（前置）失败: 400 终端医院必填">C:\Users\vinkin.yx.yu\Desktop\DMSdoc\automation_test\tests\test_surgery.py:48: 创建手术报台（前置）失败: 400 终端医院必填</skipped></testcase><testcase classname="tests.test_surgery.TestSurgeryCrud" name="test_submit_surgery_api" time="0.054"><skipped type="pytest.skip" message="创建手术报台（前置）失败: 400 终端医院必填">C:\Users\vinkin.yx.yu\Desktop\DMSdoc\automation_test\tests\test_surgery.py:48: 创建手术报台（前置）失败: 400 终端医院必填</skipped></testcase><testcase classname="tests.test_surgery.TestSurgeryCrud" name="test_delete_surgery_draft_crud" time="0.055"><skipped type="pytest.skip" message="创建手术报台（前置）失败: 400 终端医院必填">C:\Users\vinkin.yx.yu\Desktop\DMSdoc\automation_test\tests\test_surgery.py:48: 创建手术报台（前置）失败: 400 终端医院必填</skipped></testcase></testsuite></testsuites>